"drag-coefficient-rfile"
"Time Step" "drag-coefficient etc.."
("Time Step" "drag-coefficient" "flow-time")
0 0.1570728253801337 0
1 0.1570892470691875 1
2 0.1571057115508833 2
3 0.157122201094379 3
4 0.1571386943061563 4
5 0.1571551708822262 5
6 0.1571716116460584 6
7 0.1571879983981397 7
8 0.157204313787079 8
9 0.1572205412311072 9
10 0.1572366645945447 10
11 0.1572526688594756 11
12 0.1572685389932828 12
13 0.1572842616925592 13
14 0.1572998253676595 14
15 0.1573152189274156 15
16 0.1573304320507971 16
17 0.1573454550330431 17
18 0.1573602789811833 18
19 0.157374895994452 19
20 0.157389299231432 20
21 0.1574034829081428 21
22 0.1574174423114843 22
23 0.1574311737955017 23
24 0.1574446748081811 24
25 0.1574579439199354 25
26 0.157470980788608 26
27 0.1574837861390566 27
28 0.1574963616698539 28
29 0.1575087101092193 29
30 0.1575208353193149 30
