"drag-force-rfile"
"Iteration" "drag-force"
("Iteration" "drag-force")
1 8.624911822191494
2 7.845613050815993
3 7.920947471907123
4 7.963079858440058
5 7.990387330665992
6 7.837787751542059
7 7.641812861578477
8 7.449964691101774
9 7.262425094212986
10 7.072697246286048
11 6.877966818144881
12 6.677992216334919
13 6.473954653834451
14 6.267109321707522
15 6.058399200632842
16 5.849827419778561
17 5.641128516372978
18 5.431492738063088
19 5.220901101536084
20 5.009776292308986
21 4.798501935394653
22 4.587326663969246
23 4.376340848214548
24 4.165581210433368
25 3.955118981844486
26 3.745080024765099
27 3.535686054883488
28 3.327226354678151
29 3.119975394280091
30 2.91434080036279
31 2.710784160007439
32 2.509819786789327
33 2.311952140917287
34 2.117773977056897
35 1.927872581245814
36 1.742776413377991
37 1.562924139520266
38 1.388723833855737
39 1.220571794380707
40 1.058858966501444
41 0.9039187332426906
42 0.756042289525046
43 0.6154506423219239
44 0.4823172079575136
45 0.3567578992050742
46 0.2388224547465361
47 0.128504899289263
48 0.02575579982975201
49 -0.069643181404627
50 -0.1578483183304713
51 -0.2392113047713195
52 -0.3140741635946228
53 -0.3828051877031543
54 -0.445838849768302
55 -0.5036316032774691
56 -0.556747825643218
57 -0.6055710132093016
58 -0.650738783143234
59 -0.6927041181341447
60 -0.7320384898413566
61 -0.7689391063979805
62 -0.8039317685539915
63 -0.8372983107213379
64 -0.8692727632187782
65 -0.9000454504539677
66 -0.929702319204365
67 -0.9582836787061257
68 -0.9855738937407383
69 -1.011617554513166
70 -1.036196003315665
71 -1.059083023153554
72 -1.079953573198475
73 -1.09843048921235
74 -1.114136316363727
75 -1.1265494759485
76 -1.135177045175165
77 -1.139450215135204
78 -1.138805033335551
79 -1.132591703280405
80 -1.12016627249489
81 -1.100796526575915
82 -1.07378386187948
83 -1.038499361812147
84 -0.9942645280836975
85 -0.9404036574229424
86 -0.8764432037421301
87 -0.8019383926739525
88 -0.7165571191566291
89 -0.6200609613341802
90 -0.5124071885446593
91 -0.3937495011755214
92 -0.2641203491223604
93 -0.1240285008059245
94 0.0259632563628433
95 0.1851608074619116
96 0.3527130957329848
97 0.527586114194653
98 0.7088486487495845
99 0.8950043772359533
100 1.084689700952115
101 1.27626817139905
102 1.468632999350949
103 1.659979253615391
104 1.848617395098913
105 2.033052512824782
106 2.211588728510048
107 2.383120914935747
108 2.545940089118719
109 2.698713832833752
110 2.840249918727245
111 2.969477758734355
112 3.085427381532639
113 3.187285292756461
114 3.274400494443391
115 3.346283049467737
116 3.402536736701065
117 3.442965304656178
118 3.467534306197464
119 3.476304206738479
120 3.469444013603351
121 3.447341508481495
122 3.410490337590612
123 3.359198883539114
124 3.294322798338722
125 3.216544858102952
126 3.126647453890186
127 3.025444668063254
128 2.91384841928115
129 2.792844807095091
130 2.663432827780856
131 2.526534753989271
132 2.383115604846854
133 2.234300623162088
134 2.081078041776208
135 1.924455544655847
136 1.765388744955763
137 1.604875822451445
138 1.443791697205562
139 1.282977057155822
140 1.123253075596935
141 0.9654464615523082
142 0.8103363624257761
143 0.6585089586900019
144 0.5105387585432266
145 0.3669378390541553
146 0.228301790783531
147 0.09497499825986921
148 -0.03268658379634348
149 -0.1542885806969693
150 -0.2696672759279991
151 -0.3785741276197364
152 -0.4808463011951928
153 -0.5764168844111426
154 -0.6650946783353414
155 -0.7468665997918476
156 -0.8217159657391397
157 -0.8896945096094592
158 -0.9507697642894546
159 -1.00498355794235
160 -1.052398094434072
161 -1.093102506871589
162 -1.127201499936419
163 -1.154812439970891
164 -1.176065830253825
165 -1.191101598276358
166 -1.200063018378515
167 -1.203082826789108
168 -1.200331974111898
169 -1.192030536060327
170 -1.1781904408828
171 -1.159081140347306
172 -1.134832823714698
173 -1.105595124097041
174 -1.071536840327188
175 -1.03281626864434
176 -0.9895754864361783
177 -0.9419720741415334
178 -0.8901556836771938
179 -0.8342768391771934
180 -0.7744934396850283
181 -0.710965474234668
182 -0.6437957111506338
183 -0.5731544544546138
184 -0.4992036024643174
185 -0.4220953887184146
186 -0.3420120129470997
187 -0.259127850928849
188 -0.1735741409317557
189 -0.08553239755695075
190 0.004803343554471484
191 0.09719553832727346
192 0.1913973183380027
193 0.2872302654371986
194 0.3844644631171242
195 0.4828538724294683
196 0.582098505930003
197 0.6819063999034523
198 0.7819371524627174
199 0.8819481778938824
200 0.9816598388303891
201 1.08073032702319
202 1.178651301261968
203 1.275307650565916
204 1.370133007008408
205 1.4628040683495
206 1.552931347033097
207 1.640124705575193
208 1.724017023711356
209 1.804219963661098
210 1.880324293365221
211 1.951983127085538
212 2.018803116421231
213 2.080403266217333
214 2.136437787835537
215 2.186583719372952
216 2.230531861174787
217 2.268008877041619
218 2.298772915295532
219 2.322593360572769
220 2.339276567530833
221 2.348683481011469
222 2.350692349379826
223 2.345198694248576
224 2.332172120644922
225 2.311640894931095
226 2.283654067617353
227 2.24830046073164
228 2.205699986886867
229 2.156034628412207
230 2.099516225084171
231 2.036388576447226
232 1.9669407634462
233 1.891507821130073
234 1.810457896384947
235 1.724193181148741
236 1.633148489139416
237 1.537777850529946
238 1.438446588029358
239 1.335717388661158
240 1.230083642542035
241 1.122051359014542
242 1.012152309934606
243 0.9009080242115126
244 0.788858316240459
245 0.6765378497608737
246 0.5644856010264876
247 0.4532369313318583
248 0.3433296087861141
249 0.2351933819365352
250 0.1293577214482535
251 0.0263094001446213
252 -0.07346165877272881
253 -0.1695469390446105
254 -0.2615032441223369
255 -0.3489343349586984
256 -0.4314783055222202
257 -0.5088143329087722
258 -0.5806057708432545
259 -0.6465936252210909
260 -0.7064899643322475
261 -0.7600771169787903
262 -0.8071877466651499
263 -0.8476345257257705
264 -0.8812973603740193
265 -0.9080981524324425
266 -0.9279794819408673
267 -0.940915839219944
268 -0.9469338332515467
269 -0.9461018215261932
270 -0.9384990348657023
271 -0.9242340883702143
272 -0.9034426907687367
273 -0.8763038070592878
274 -0.8430215636321055
275 -0.8038224654117487
276 -0.7590423787219069
277 -0.7087544017028657
278 -0.653386571426428
279 -0.5932486787767386
280 -0.5286766765784168
281 -0.460013922022238
282 -0.3876118258941999
283 -0.3118497592172052
284 -0.2331095842380369
285 -0.1517629729665807
286 -0.06819223261124213
287 0.01721985673174753
288 0.1040956245923183
289 0.1920557083151499
290 0.2807033861244275
291 0.3697006523563081
292 0.4586132034574339
293 0.547286192648244
294 0.6351950275255404
295 0.7220089350616558
296 0.8074794497145291
297 0.8913115543111995
298 0.9732227120771174
299 1.052919297954892
300 1.130174839038592
301 1.204761185139389
302 1.276425102919936
303 1.344957010412387
304 1.41013651401437
305 1.471770120498183
306 1.529722539951834
307 1.583847541769813
308 1.634012568271878
309 1.680053967989766
310 1.721868577636201
311 1.759389850639605
312 1.79253004462739
313 1.821220676930571
314 1.845409055090741
315 1.864986172065788
316 1.87997510610106
317 1.89037558681974
318 1.896205302509086
319 1.897461686902124
320 1.894130071986027
321 1.886236806620759
322 1.873840599442027
323 1.85703111634761
324 1.835876247517496
325 1.810467172118355
326 1.78088691491529
327 1.747258833065526
328 1.709708547287644
329 1.668384066703207
330 1.623447470063549
331 1.57505770188374
332 1.523391294799036
333 1.4686854998954
334 1.411022909912535
335 1.350719454541023
336 1.287982396403763
337 1.223033948689853
338 1.156118097615939
339 1.087479198079159
340 1.01736920231329
341 0.9460437876498713
342 0.873781026834451
343 0.8008673886443801
344 0.7275825778173592
345 0.6542054910443785
346 0.5809957005019342
347 0.5082276729015496
348 0.4361824164210782
349 0.3651478744508471
350 0.2953871807147053
351 0.2271696190219938
352 0.1607647464771117
353 0.09643565423073486
354 0.03443160206916601
355 -0.02503030646939997
356 -0.08170536045011528
357 -0.1353303818425898
358 -0.1857240656860469
359 -0.2327000023192645
360 -0.2760628832057489
361 -0.3156588051957802
362 -0.3513344156848989
363 -0.3829419756477214
364 -0.4103592322972677
365 -0.4334861796953989
366 -0.4522358446692508
367 -0.4665419255807059
368 -0.476359885609854
369 -0.481677836703025
370 -0.4824800115907653
371 -0.4787738019866095
372 -0.4705944519439842
373 -0.4579963690364547
374 -0.4410530057582158
375 -0.4198468034587844
376 -0.3944964147823233
377 -0.3651275723975278
378 -0.3318873571688637
379 -0.2949429363844391
380 -0.2544728281070016
381 -0.2106698364165547
382 -0.1637436634735797
383 -0.1139231188039527
384 -0.0614417184892721
385 -0.0065384832514086
386 0.05053266297512435
387 0.1095041482265028
388 0.1701083850483583
389 0.2320704762190707
390 0.2951160449260918
391 0.3589709903343909
392 0.4233475681261902
393 0.4879571282596059
394 0.5525294197482631
395 0.6167916345520461
396 0.6804128850630744
397 0.7433262786553376
398 0.8051200965732668
399 0.8655538872438167
400 0.9244265378684957
401 0.9815338648362597
402 1.036627794532009
403 1.089498126975196
404 1.139968652475209
405 1.187868026983921
406 1.23303429804059
407 1.275316950694236
408 1.314579583454811
409 1.350699118720344
410 1.383546475991549
411 1.413059711441949
412 1.439165796396459
413 1.461796424474794
414 1.480902080804364
415 1.49644760730068
416 1.508412865828195
417 1.516790953853392
418 1.521577247441956
419 1.522807437623384
420 1.52051625973868
421 1.514751064233721
422 1.505570705952379
423 1.493042177267593
424 1.47724480651827
425 1.458269171427264
426 1.4362181516346
427 1.411203507882195
428 1.383343958074256
429 1.352816170825464
430 1.319617473991917
431 1.284011234365384
432 1.24613431535958
433 1.206135078822483
434 1.164171778071705
435 1.120410080159756
436 1.07502622806928
437 1.028200327812183
438 0.980111639267645
439 0.9309381825666905
440 0.8808736149926106
441 0.8301018104070493
442 0.7788087938505663
443 0.7271851993191802
444 0.6754198651768811
445 0.6236991960938512
446 0.572203110855979
447 0.5211124585539908
448 0.4706222806015765
449 0.4209215929911606
450 0.3721876950647383
451 0.3246010640347229
452 0.2783161937149505
453 0.2334915785161384
454 0.1902852263633399
455 0.1488468906858901
456 0.1093251939534478
457 0.07186873315838804
458 0.03660842931501973
459 0.003669512749908177
460 -0.0268390900743351
461 -0.05481994459986478
462 -0.08017307513773714
463 -0.1028104584934894
464 -0.1226468500489787
465 -0.1396142479409781
466 -0.1536575169380809
467 -0.1647326114363087
468 -0.1728078652721458
469 -0.1778602775804153
470 -0.1798810869225571
471 -0.178869166116881
472 -0.1748354735134649
473 -0.1677993380420923
474 -0.1578006826765975
475 -0.1448845631829156
476 -0.1291080161854324
477 -0.1105392037736019
478 -0.0892563103934686
479 -0.06535077216466517
480 -0.03892207635555961
481 -0.01008192273269748
482 0.02105190176007735
483 0.05434942321939695
484 0.0896697133774812
485 0.1268701187588919
486 0.1657966113144902
487 0.2062907119777668
488 0.2481868111847555
489 0.2913109947287594
490 0.3354858824444459
491 0.380531108022882
492 0.4262632717227914
493 0.4724983949930339
494 0.5190481733429031
495 0.5657260351921869
496 0.6123434360899247
497 0.6587126253845799
498 0.7046507372778364
499 0.7499751253918372
500 0.7944965575611713
501 0.8380581507846275
502 0.8804966899388688
503 0.9215831921379509
504 0.9613346664369078
505 0.9994531144531591
506 1.035813572332086
507 1.070293891488877
508 1.102773708267193
509 1.133136712512309
510 1.161275575277514
511 1.187081300810347
512 1.210484240386724
513 1.231408185435107
514 1.249784300933314
515 1.265555631870217
516 1.27867913608857
517 1.289121652661612
518 1.296859999532164
519 1.301884149286847
520 1.304193800793037
521 1.303799897959796
522 1.300725260064785
523 1.294996307179039
524 1.286661484885304
525 1.275775190437352
526 1.262399253165937
527 1.246603464792552
528 1.228466529935646
529 1.208127873267869
530 1.185538581063133
531 1.160926482063175
532 1.134385708437548
533 1.106024742140115
534 1.07596326572396
535 1.044328943558141
536 1.011253135855553
537 0.9768745850610576
538 0.9413371217904438
539 0.9047855112736068
540 0.8673711499520355
541 0.8292442856192435
542 0.7905548372777507
543 0.7514527431965135
544 0.7120928018515305
545 0.672627338268722
546 0.6332026034347888
547 0.5939772450617222
548 0.5551042869562133
549 0.5167272286692233
550 0.4789895012634678
551 0.4420354437568716
552 0.4060032497085182
553 0.371018990059944
554 0.3372092460927265
555 0.3046989854271557
556 0.2736066591753867
557 0.2440399313031345
558 0.2161049141790691
559 0.1899045356747808
560 0.165527330355231
561 0.1430533448751538
562 0.1225577423357109
563 0.1041134922478
564 0.08778034632897591
565 0.073601947903566
566 0.06161815161152201
567 0.05186290216458328
568 0.0443585010856547
569 0.03912509757119692
570 0.03617397773470254
571 0.03549825456083922
572 0.03708817770066214
573 0.04092420281528808
574 0.04697976095925543
575 0.05521905205240102
576 0.06559870229282477
577 0.07806614468703604
578 0.0925631966006355
579 0.1090226502499924
580 0.1273705187675465
581 0.1475261916408488
582 0.1694027953884304
583 0.1929070421698688
584 0.2179387181328034
585 0.2443921824886364
586 0.2721573530648623
587 0.3011196642346459
588 0.3311589282343654
589 0.3621532180769193
590 0.393978933193442
591 0.4265084300769467
592 0.4596110324986534
593 0.4931537884246153
594 0.5270040217952738
595 0.5610281066547618
596 0.5950926143912539
597 0.6290621757769608
598 0.6628051912087234
599 0.6961976746322809
600 0.7291139787630083
601 0.7614280634810917
602 0.7930158426646281
603 0.8237563777258819
604 0.8535333665186245
605 0.8822360289647012
606 0.9097578484398031
607 0.9359982533087134
608 0.9608621322093893
609 0.9842598668080959
610 1.006107511722106
611 1.026327757819075
612 1.04484410956767
613 1.061600537186611
614 1.076543667223462
615 1.089623035264302
616 1.100795316491266
617 1.110029525932869
618 1.117295303557789
619 1.122575605077725
620 1.125861555075399
621 1.127150735495476
622 1.126449550587792
623 1.123770033734222
624 1.119132422412184
625 1.112564013226621
626 1.104100918533886
627 1.093786219937833
628 1.081669225784478
629 1.067806285416487
630 1.052260569053135
631 1.035101058889178
632 1.016401876661583
633 0.996243039451239
634 0.9747112924290289
635 0.9518956177815443
636 0.9278910720354459
637 0.9027959076999144
638 0.8767126687877052
639 0.849746752467625
640 0.8220024868892577
641 0.7935967300605528
642 0.7646431377329994
643 0.7352581942292673
644 0.7055552354340868
645 0.675649814540783
646 0.645659099415127
647 0.6157011455329233
648 0.5858913948011923
649 0.5563444629522576
650 0.527174408340893
651 0.4984974439402892
652 0.4704178867846114
653 0.4430408102346296
654 0.4164698390300056
655 0.3908048566439239
656 0.3661422685540156
657 0.3425735623849135
658 0.3201807165652917
659 0.2990466265994052
660 0.2792515180771298
661 0.2608643939151155
662 0.2439487424620089
663 0.228565946000377
664 0.2147645349033393
665 0.2025897989208958
666 0.1920802943090856
667 0.1832684959916135
668 0.1761800876922657
669 0.1708338339689126
670 0.1672366188383188
671 0.1653934381235574
672 0.1653025618082793
673 0.1669552562039076
674 0.1703356796419071
675 0.1754189702748289
676 0.1821785160371472
677 0.1905802616555075
678 0.2005799590351482
679 0.2121282773448607
680 0.2251706092948724
681 0.2396479800805047
682 0.2554957439585708
683 0.2726441865767305
684 0.2910181971568045
685 0.3105386421947354
686 0.3311228487681134
687 0.3526844896850685
688 0.3751333361314529
689 0.3983760710929373
690 0.4223162989948593
691 0.4468562995352965
692 0.4718983068507008
693 0.4973399052241012
694 0.5230788861963216
695 0.5490154796271282
696 0.5750497912581932
697 0.6010759423738267
698 0.6269931207828709
699 0.6527031731184313
700 0.6781085797406941
701 0.7031128950520449
702 0.7276196557779285
703 0.75153637662572
704 0.7747744508862617
705 0.7972479693116334
706 0.8188736297107526
707 0.8395726806265763
708 0.8592708502279103
709 0.8778986295469142
710 0.8953909264848059
711 0.9116868666314173
712 0.9267303978885726
713 0.9404646020077803
714 0.9528517205226299
715 0.9638524380424658
716 0.9734317991387536
717 0.981560321308914
718 0.9882152918506315
719 0.9933789919859355
720 0.9970429552644389
721 0.9991988093723323
722 0.9998459320420821
723 0.9989915190460269
724 0.9966481534305869
725 0.9928336456874838
726 0.9875710259986726
727 0.9808887092118663
728 0.9728199539598159
729 0.963403898982035
730 0.9526840809341596
731 0.9407092261053307
732 0.9275338730487861
733 0.9132144560560534
734 0.8978122211262307
735 0.881390666230857
736 0.8640179469848044
737 0.8457678431193012
738 0.8267163032905886
739 0.806939233479703
740 0.7865176856897926
741 0.7655337440317171
742 0.7440726441178007
743 0.7222190158561339
744 0.700060024320047
745 0.6776832609423583
746 0.6551753520276161
747 0.632625424090705
748 0.6101224286874767
749 0.5877542868738624
750 0.5656089084338973
751 0.5437683991745661
752 0.5223162533513823
753 0.5013348937631004
754 0.4809047055376633
755 0.4611035867754151
756 0.4420056241108599
757 0.4236823832097818
758 0.4062027824044319
759 0.389625977968974
760 0.3740195740737374
761 0.3594409874741435
762 0.345942169855574
763 0.3335701718418687
764 0.3223674501174638
765 0.3123728719768887
766 0.3036190143701509
767 0.2961341588462335
768 0.2899415163386911
769 0.2850594916808588
770 0.2815014994828618
771 0.2792746739044599
772 0.2783809466383169
773 0.2788165856635246
774 0.2805750039360824
775 0.2836427267434405
776 0.2880007077238036
777 0.2936232656924189
778 0.3004832243990136
779 0.3085466786374164
780 0.3177764808311501
781 0.3281299805953722
782 0.3395606877889439
783 0.3520179806224689
784 0.3654472564533163
785 0.3797901836067819
786 0.3949851370701949
787 0.4109677883245936
788 0.4276709970621365
789 0.4450250305422489
790 0.4629580664747612
791 0.4813960979628697
792 0.5002643892476643
793 0.5194858349612257
794 0.5389835570129631
795 0.5586792081046308
796 0.5784939439256778
797 0.5983494265424629
798 0.6181677770802669
799 0.6378714303105262
800 0.6573836199317209
801 0.6766285162498574
802 0.6955315648906477
803 0.7140207866421511
804 0.7320267742062792
805 0.7494820128394233
806 0.7663212039762146
807 0.7824820601596461
808 0.7979053188349072
809 0.8125353809549487
810 0.8263200380497943
811 0.8392107150703079
812 0.8511624233691137
813 0.8621345049011588
814 0.8720872827364931
815 0.8809885772892122
816 0.8888131577204852
817 0.8955361726477982
818 0.9011370219041434
819 0.9056002977477038
820 0.9089151143194563
821 0.9110752457125093
822 0.9120788728248909
823 0.9119288191563437
824 0.9106323108690979
825 0.9082021452166671
826 0.904652909120067
827 0.9000039256785661
828 0.89427894829829
829 0.8875065489551088
830 0.8797198526924712
831 0.8709535278283138
832 0.8612480438612331
833 0.8506460914182536
834 0.8391921269022057
835 0.8269345997111203
836 0.8139260018488299
837 0.8002204400702785
838 0.7858735828648126
839 0.770945224211169
840 0.7554956977183955
841 0.7395872838212203
842 0.7232850046637078
843 0.706652622207659
844 0.689757064367106
845 0.6726646833094343
846 0.6554442217992116
847 0.638160854969405
848 0.620881952947217
849 0.603674125242097
850 0.5866046080014194
851 0.5697396044909369
852 0.5531430848153283
853 0.5368784607329933
854 0.5210069837232554
855 0.5055882016263069
856 0.4906802123459769
857 0.476338879136821
858 0.4626172762038108
859 0.4495633299563979
860 0.4372260963082332
861 0.4256529355946976
862 0.4148849732760055
863 0.4049596088917478
864 0.3959107711707076
865 0.3877685674157199
866 0.3805611693434557
867 0.3743113093189785
868 0.3690384773763323
869 0.3647584062197088
870 0.3614832372262423
871 0.3592204010940883
872 0.3579735931083292
873 0.3577427055158268
874 0.3585228486421114
875 0.3603057895295383
876 0.3630786727658916
877 0.3668260169303336
878 0.3715282356169022
879 0.3771612644976478
880 0.3836987801729497
881 0.3911097572380557
882 0.3993602960450428
883 0.4084133946370361
884 0.4182291407381283
885 0.4287646442205256
886 0.439974604613196
887 0.4518112627141682
888 0.4642244372440676
889 0.4771620155221916
890 0.4905701014416523
891 0.5043928164884406
892 0.5185734569174781
893 0.5330544626331908
894 0.5477771372746728
895 0.5626818804623415
896 0.5777088572966036
897 0.5927980775185537
898 0.6078896346540115
899 0.6229241875089744
900 0.6378428953956161
901 0.6525874872988027
902 0.6671001654693274
903 0.6813253344903141
904 0.6952091054701171
905 0.7086991226600847
906 0.72174420587209
907 0.7342953340683834
908 0.7463060506266781
909 0.7577325898925982
910 0.768533579018901
911 0.7786704136215994
912 0.7881070577394289
913 0.7968106148670291
914 0.8047512511882666
915 0.8119003015398976
916 0.8182352148933125
917 0.8237383432284953
918 0.82839243029895
919 0.8321834064378364
920 0.8351011456051991
921 0.8371391383181613
922 0.8382943139777008
923 0.838567305554478
924 0.8379622492064749
925 0.8364864744245104
926 0.8341505922494509
927 0.830968871379598
928 0.8269587296145768
929 0.8221409763353467
930 0.8165397099609495
931 0.8101792591590585
932 0.8030893146086135
933 0.7953018194918412
934 0.7868510151373855
935 0.7777737743762867
936 0.7681089881624534
937 0.7578972093834708
938 0.7471815650138101
939 0.7360067403481865
940 0.7244184636846809
941 0.7124632474197172
942 0.7001905306148688
943 0.6876506536041371
944 0.6748939893079328
945 0.6619712690372106
946 0.6489337293200068
947 0.6358326565801495
948 0.6227199539167029
949 0.6096470503860074
950 0.596664264314003
951 0.5838221689287397
952 0.5711706488719092
953 0.5587580404167378
954 0.5466317059496899
955 0.5348378432894993
956 0.5234208719998157
957 0.512423863911293
958 0.5018874436768573
959 0.4918479305385548
960 0.4823454999219419
961 0.4734157242849948
962 0.4650897361039227
963 0.4573964719443304
964 0.4503628407698766
965 0.4440128624022807
966 0.4383677055045409
967 0.433445911910252
968 0.4292628316093325
969 0.42583156408991
970 0.4231610422929949
971 0.421258454111851
972 0.4201267371599689
973 0.4197660688111835
974 0.42017359233307
975 0.4213437092448988
976 0.4232676968260504
977 0.425934369109953
978 0.4293295958409416
979 0.4334356511750252
980 0.4382323569256372
981 0.4436979242979063
982 0.4498068211446477
983 0.4565315026139859
984 0.4638422219154094
985 0.4717070336219525
986 0.4800920001873407
987 0.4889613268841284
988 0.4982775414811115
989 0.508001529086116
990 0.5180928620782457
991 0.5285098691838019
992 0.5392096330613581
993 0.5501482413758605
994 0.5612816246852814
995 0.5725653692669223
996 0.5839542906240303
997 0.5954028149260935
998 0.606865796675601
999 0.6182981014285265
1000 0.6296549211005575
1001 0.6408918364533643
1002 0.6519653400655088
1003 0.6628331586926801
1004 0.673454272961695
1005 0.6837885633190265
1006 0.6937968708933994
1007 0.7034416082032975
1008 0.7126871492260695
1009 0.7214996720957816
1010 0.7298473158909814
1011 0.7377003414776975
1012 0.7450309127967574
1013 0.7518135331738802
1014 0.7580249069530038
1015 0.7636440617609658
1016 0.7686504113716925
1017 0.77303043134714
1018 0.7767716755225431
1019 0.7798628365341629
1020 0.7822952211883283
1021 0.784062970816927
1022 0.785162961755457
1023 0.7855946405356606
1024 0.7853602779217614
1025 0.7844647657399715
1026 0.7829157491220538
1027 0.7807233559318338
1028 0.777899685386814
1029 0.7744590969185363
1030 0.7704188806884051
1031 0.7657979557865935
1032 0.7606175580520784
1033 0.7549016935579298
1034 0.7486757041789434
1035 0.7419667189729371
1036 0.7348039474636323
1037 0.727217332728322
1038 0.7192392870993213
1039 0.710903158937926
1040 0.7022434672978923
1041 0.6932952446078842
1042 0.6840960159296937
1043 0.6746831423649677
1044 0.665094229221713
1045 0.6553679738101952
1046 0.6455426032567553
1047 0.6356575085148546
1048 0.6257516872244883
1049 0.6158638759188172
1050 0.6060325194877932
1051 0.5962957073296242
1052 0.5866906878921396
1053 0.5772542221195591
1054 0.5680224157435205
1055 0.5590304400665643
1056 0.5503122226127035
1057 0.5419004164813629
1058 0.5338248336726613
1059 0.5261163306935708
1060 0.5188046126026707
1061 0.5119156587649356
1062 0.505473813649337
1063 0.4995015371647427
1064 0.4940195525044078
1065 0.489046790478777
1066 0.4845992357206785
1067 0.4806920344618691
1068 0.4773370169593991
1069 0.4745441483565274
1070 0.4723212898413414
1071 0.4706741015253499
1072 0.4696058574800719
1073 0.4691174608444523
1074 0.4692072711765561
1075 0.4698721340976173
1076 0.4711056347991066
1077 0.4728994264258919
1078 0.4752440563173143
1079 0.4781266921034604
1080 0.4815326222602674
1081 0.4854462292146568
1082 0.4898488872428669
1083 0.4947205258620881
1084 0.5000393859450222
1085 0.5057820654186257
1086 0.5119235740401915
1087 0.5184375793541707
1088 0.5252963944880702
1089 0.5324710799030397
1090 0.5399315982318511
1091 0.5476469933962143
1092 0.5555854591411187
1093 0.5637142255506005
1094 0.5720003496476903
1095 0.5804107121150981
1096 0.5889115604151376
1097 0.5974688576913045
1098 0.6060486191322123
1099 0.6146170464716398
1100 0.6231406404254717
1101 0.6315858987324783
1102 0.6399201985434465
1103 0.6481117229179334
1104 0.6561294538383997
1105 0.6639430065187444
1106 0.6715226326187422
1107 0.6788397026613412
1108 0.6858671544687727
1109 0.6925792076930382
1110 0.6989514739905619
1111 0.7049610646926914
1112 0.7105865715566509
1113 0.7158081055039287
1114 0.7206076399789403
1115 0.7249688800680848
1116 0.7288772970607891
1117 0.7323195696123387
1118 0.7352843963513839
1119 0.7377649602738889
1120 0.7397542830676831
1121 0.7412470448014339
1122 0.7422399302628075
1123 0.7427317548882759
1124 0.7427234044710251
1125 0.7422178062516687
1126 0.741219783658376
1127 0.7397361168358632
1128 0.7377753497118008
1129 0.7353477996537333
1130 0.7324659103086556
1131 0.7291430642110925
1132 0.7253945015480472
1133 0.7212377407862263
1134 0.7166912999344522
1135 0.7117750124497567
1136 0.7065100419124047
1137 0.7009189086070726
1138 0.6950252115552658
1139 0.6888539036964084
1140 0.6824299794906525
1141 0.6757804949612948
1142 0.6689328498536773
1143 0.661914786706808
1144 0.6547545231435246
1145 0.6474807535855547
1146 0.6401227915347596
1147 0.6327090647389308
1148 0.6252692706860268
1149 0.617832690229758
1150 0.6104282139445227
1151 0.6030845217294378
1152 0.5958299921841868
1153 0.5886924736443737
1154 0.5816992042251509
1155 0.5748766236181642
1156 0.5682505092153214
1157 0.561844978489407
1158 0.5556837775119268
1159 0.5497913627193525
1160 0.5441891696443927
1161 0.5388968770335887
1162 0.533933988593839
1163 0.5293174952505845
1164 0.5250633984756587
1165 0.5211865066557312
1166 0.5177002641311348
1167 0.5146162071583396
1168 0.5119440435982703
1169 0.5096918847746958
1170 0.5078661170040041
1171 0.5064714108609323
1172 0.5055107539088403
1173 0.5049851829425658
1174 0.5048948788874357
1175 0.5052373540941351
1176 0.506008774862938
1177 0.5072034500705072
1178 0.5088149605550742
1179 0.5108342346043298
1180 0.5132509859125755
1181 0.5160532858254074
1182 0.5192287274423255
1183 0.522762265115819
1184 0.5266379802683296
1185 0.5308387987106222
1186 0.5353464610818759
1187 0.5401415969915133
1188 0.5452037843751973
1189 0.5505116566771374
1190 0.5560430095605832
1191 0.5617748571281347
1192 0.567683530424304
1193 0.5737448469956266
1194 0.5799340333878464
1195 0.5862261936188919
1196 0.5925963423106846
1197 0.5990192018768959
1198 0.6054692948690505
1199 0.6119211411897185
1200 0.6183492250872731
1201 0.624728480771011
1202 0.6310344243759085
1203 0.6372429433229341
1204 0.6433303786443267
1205 0.6492734910532805
1206 0.6550497466500459
1207 0.6606375508157044
1208 0.6660160599780217
1209 0.6711654710083839
1210 0.6760670191794108
1211 0.680703057307914
1212 0.6850570713614155
1213 0.6891137860108971
1214 0.6928591387304759
1215 0.6962803103112805
1216 0.6993658587545559
1217 0.7021057144740978
1218 0.7044912356298888
1219 0.7065142987519855
1220 0.7081698945683819
1221 0.7094545130885971
1222 0.7103651442854313
1223 0.7109002190227526
1224 0.7110597021306915
1225 0.7108451574499426
1226 0.7102596019616755
1227 0.7093075093827532
1228 0.7079947662512829
1229 0.7063285778138546
1230 0.704317797121597
1231 0.7019715429785667
1232 0.6993016707965014
1233 0.6963197896303891
1234 0.6930397810146498
1235 0.6894761750768833
1236 0.6856444297187854
1237 0.6815610469933833
1238 0.6772433173839381
1239 0.6727093947411222
1240 0.6679783094763543
1241 0.6630698542715809
1242 0.658004450686948
1243 0.6528020992827197
1244 0.6474842529472808
1245 0.6420723675902098
1246 0.6365880562924923
1247 0.6310532111002538
1248 0.6254897360388456
1249 0.61991955082468
1250 0.6143644738835727
1251 0.6088460797684194
1252 0.6033857516408316
1253 0.5980044588464091
1254 0.5927228276742547
1255 0.5875609964852091
1256 0.5825376489823846
1257 0.5776723650289237
1258 0.572984061738427
1259 0.5684899033774981
1260 0.5642060652254541
1261 0.5601480462623911
1262 0.5563305224929878
1263 0.5527671118022069
1264 0.5494703261170741
1265 0.5464516042633701
1266 0.5437212041275334
1267 0.5412881831451417
1268 0.539160471200594
1269 0.5373446763494915
1270 0.5358459848510506
1271 0.5346690184154015
1272 0.5338160922788616
1273 0.5332886681252706
1274 0.5330869406931722
1275 0.5332098532117731
1276 0.5336550490516139
1277 0.5344186627462857
1278 0.5354965666079945
1279 0.5368822536855851
1280 0.5385685224932415
1281 0.5405471003669934
1282 0.5428082904118308
1283 0.5453423377731623
1284 0.5481372793094181
1285 0.551180635029086
1286 0.5544591194354263
1287 0.5579585823611508
1288 0.5616640659877439
1289 0.5655598845632279
1290 0.5696296304483348
1291 0.5738563935453584
1292 0.5782227637887909
1293 0.582710857407803
1294 0.5873024194546307
1295 0.5919789521177375
1296 0.5967215773429333
1297 0.6015113996400869
1298 0.6063294893734905
1299 0.6111567175035633
1300 0.6159740549312096
1301 0.620762793504005
1302 0.62550446009465
1303 0.6301807796926988
1304 0.6347737297306587
1305 0.6392657601127456
1306 0.6436398920645525
1307 0.6478797260836292
1308 0.6519694299871299
1309 0.6558938505306526
1310 0.6596386030344702
1311 0.6631901545521408
1312 0.6665357955306703
1313 0.6696636654959718
1314 0.6725628188224203
1315 0.6752232895084552
1316 0.6776360793180871
1317 0.6797932144280403
1318 0.6816877738164666
1319 0.6833138808439853
1320 0.6846667445494631
1321 0.6857425603862968
1322 0.6865380419866911
1323 0.6870529834477251
1324 0.6872869554016197
1325 0.6872404639392753
1326 0.6869152094513378
1327 0.6863140257443918
1328 0.6854408708696338
1329 0.6843007031266259
1330 0.6828997840738926
1331 0.6812443636785204
1332 0.6793428267213926
1333 0.6772043196906952
1334 0.6748377566531585
1335 0.6722541084698408
1336 0.6694647143281761
1337 0.6664815261362167
1338 0.6633171555951363
1339 0.6599850374642955
1340 0.6564992153877176
1341 0.6528741292428145
1342 0.6491246134392108
1343 0.6452659643946218
1344 0.6413138389208084
1345 0.6372841813442276
1346 0.6331931179383219
1347 0.6290571838824639
1348 0.6248921373130814
1349 0.6207147429320994
1350 0.6165413973650509
1351 0.6123883400408785
1352 0.6082715315135494
1353 0.6042068432117853
1354 0.6002093612638
1355 0.596294542145405
1356 0.5924778723644557
1357 0.5887736069058414
1358 0.5851953868723385
1359 0.5817563476467876
1360 0.5784690847460621
1361 0.5753455596595695
1362 0.5723970359951931
1363 0.5696339032089212
1364 0.5670659470282435
1365 0.5647022171901576
1366 0.5625505925590726
1367 0.560618918262948
1368 0.5589130527177444
1369 0.5574383617390457
1370 0.5561993029025452
1371 0.5551994422554916
1372 0.5544413223595742
1373 0.5539265226328079
1374 0.5536556598541857
1375 0.5536283699205166
1376 0.5538433545348033
1377 0.5542981201299972
1378 0.554990176286563
1379 0.5559149591552566
1380 0.5570674681216814
1381 0.5584419345001174
1382 0.5600317221902538
1383 0.5618291134612632
1384 0.5638265757650718
1385 0.5660146642264874
1386 0.5683836785243411
1387 0.5709233902279521
1388 0.5736229428397817
1389 0.5764709156214717
1390 0.5794554204364333
1391 0.5825639497242534
1392 0.5857836393858031
1393 0.5891012556847492
1394 0.5925032522657265
1395 0.5959758471096097
1396 0.5995050259800683
1397 0.6030765706973932
1398 0.6066762095625859
1399 0.6102898737730291
1400 0.6139035221148242
1401 0.6175030154575385
1402 0.6210742848170769
1403 0.6246034578764792
1404 0.6280769771317343
1405 0.6314816037577707
1406 0.634804413612835
1407 0.6380329161528611
1408 0.6411550289424858
1409 0.6441591728305873
1410 0.6470343164109127
1411 0.6497699445850278
1412 0.6523561624762193
1413 0.6547838000636224
1414 0.6570443252564673
1415 0.6591299168027684
1416 0.6610334293934415
1417 0.6627485030775173
1418 0.6642695302019321
1419 0.6655917073499191
1420 0.6667110294809956
1421 0.6676243243176714
1422 0.6683292022875165
1423 0.668824139802108
1424 0.6691084119204364
1425 0.6691818233113488
1426 0.6690454323298953
1427 0.6687014586431406
1428 0.6681523690462656
1429 0.6674013642867993
1430 0.6664527705226895
1431 0.6653106800039065
1432 0.66398111640878
1433 0.6624703605329709
1434 0.6607855722171148
1435 0.6589335653300656
1436 0.656922892994567
1437 0.6547623434595594
1438 0.652461252687603
1439 0.6500293631624953
1440 0.6474768758861777
1441 0.6448144042290607
1442 0.6420529515931752
1443 0.6392038486064651
1444 0.6362786996606431
1445 0.6332893392226471
1446 0.630247783984541
1447 0.6271661926527801
1448 0.6240568170440621
1449 0.6209319294118713
1450 0.6178038149071378
1451 0.6146846385023268
1452 0.6115859012260323
1453 0.6085204586740091
1454 0.6055001822312309
1455 0.6025364887309435
1456 0.5996405220471565
1457 0.5968231455498805
1458 0.5940949090343004
1459 0.5914659669011177
1460 0.5889460380256195
1461 0.5865443662965546
1462 0.5842696797946678
1463 0.5821301723844969
1464 0.5801334589860583
1465 0.578286541423878
1466 0.5765957621755262
1467 0.5750668352601013
1468 0.5737048809167844
1469 0.5725143467485436
1470 0.5714989457419872
1471 0.5706616484318265
1472 0.5700047164313058
1473 0.5695296829108831
1474 0.5692373733491162
1475 0.5691279292853899
1476 0.5692004861611368
1477 0.5694544374946366
1478 0.5698873004483047
1479 0.570496333989554
1480 0.57127821293382
1481 0.5722289453690641
1482 0.5733438748615926
1483 0.5746177127055071
1484 0.5760443081259052
1485 0.57761793742791
1486 0.5793311578544065
1487 0.5811764413687235
1488 0.5831458833272589
1489 0.5852311381754652
1490 0.5874234223671411
1491 0.5897135715305568
1492 0.5920920948532669
1493 0.5945491894181592
1494 0.5970748187709598
1495 0.5996586827258876
1496 0.6022903705828577
1497 0.604959386630513
1498 0.6076551180985502
1499 0.6103668652565115
1500 0.6130838848754199
1501 0.6157955078299688
1502 0.6184912254090695
1503 0.6211606572551205
1504 0.6237935180899967
1505 0.6263797092112487
1506 0.628909362569614
1507 0.6313729260124039
1508 0.6337611650276377
1509 0.636065177475162
1510 0.6382764636022253
1511 0.6403869122028418
1512 0.642388855258305
1513 0.6442750934295531
1514 0.6460389085600901
1515 0.6476741483271242
1516 0.6491751934914556
1517 0.6505369710301067
1518 0.6517549623355539
1519 0.6528252373854377
1520 0.6537444655534024
1521 0.6545099202358655
1522 0.6551195016738317
1523 0.6555717427089141
1524 0.6558657812417439
1525 0.6560013877602591
1526 0.6559789474578006
1527 0.655799449319366
1528 0.6554644971898885
1529 0.6549762834114006
1530 0.6543378565252846
1531 0.6535516304792541
1532 0.6526222014236729
1533 0.6515541765627838
1534 0.6503523267733795
1535 0.6490220361646253
1536 0.6475695415880562
1537 0.6460004815717139
1538 0.6443220877561862
1539 0.642541533675653
1540 0.6406662708167778
1541 0.6387041129688737
1542 0.6366631858323433
1543 0.6345518971601662
1544 0.6323788814119837
1545 0.6301529570009521
1546 0.6278830969360767
1547 0.6255783926198506
1548 0.6232477760762293
1549 0.6209006362265317
1550 0.6185464243186833
1551 0.6161943453474522
1552 0.6138535064560759
1553 0.6115329582669626
1554 0.609241629464611
1555 0.606988288830115
1556 0.6047815205657801
1557 0.6026296779200013
1558 0.6005408359200466
1559 0.5985228153484433
1560 0.5965831093306491
1561 0.5947288601576863
1562 0.5929668324720341
1563 0.591303401786328
1564 0.5897445077004705
1565 0.5882956587359607
1566 0.5869618969581418
1567 0.5857477863909752
1568 0.5846573870752707
1569 0.5836942722544487
1570 0.5828614903312999
1571 0.5821615095345221
1572 0.5815963290043236
1573 0.5811674379656995
1574 0.5808757603529784
1575 0.5807213852282724
1576 0.5807048324743982
1577 0.5808249007283662
1578 0.5810803050497353
1579 0.5814693256352537
1580 0.5819897190215129
1581 0.5826387156517989
1582 0.5834130588400028
1583 0.584309009172904
1584 0.5853223733773856
1585 0.5864482503266326
1586 0.5876823173251802
1587 0.5890186633694929
1588 0.5904514539175509
1589 0.5919745982292667
1590 0.5935816598981229
1591 0.5952658559991172
1592 0.597020179289305
1593 0.5988374092661022
1594 0.6007100959736857
1595 0.6026306109717747
1596 0.6045911622229497
1597 0.6065838590146944
1598 0.6086007205853268
1599 0.6106337210057873
1600 0.6126748174965304
1601 0.6147159864635776
1602 0.6167492449010623
1603 0.6187666888317729
1604 0.6207604914290659
1605 0.6227229858090444
1606 0.6246467290495408
1607 0.6265244477794581
1608 0.6283490549987559
1609 0.6301137032407736
1610 0.6318118225244951
1611 0.6334371506011534
1612 0.6349837519820796
1613 0.636446022431147
1614 0.6378187273356257
1615 0.6390970194803245
1616 0.640276422024891
1617 0.6413528810268423
1618 0.6423227938392548
1619 0.6431829970364197
1620 0.6439307654207183
1621 0.6445638210905802
1622 0.6450803520173889
1623 0.6454789986330804
1624 0.6457588750876138
1625 0.6459195691598587
1626 0.6459611294425206
1627 0.6458840710811616
1628 0.6456893708188772
1629 0.6453787319195978
1630 0.6449533037012822
1631 0.6444158282515005
1632 0.6437690854393858
1633 0.6430162077864285
1634 0.6421606989670331
1635 0.6412064490362106
1636 0.6401577281837623
1637 0.639019147880197
1638 0.6377959370638097
1639 0.6364926344550639
1640 0.6351152473553079
1641 0.633669595972016
1642 0.6321616512484259
1643 0.6305976108469633
1644 0.6289838788164893
1645 0.6273270240862276
1646 0.6256337588038672
1647 0.6239108784871631
1648 0.6221652485267396
1649 0.6204038237041867
1650 0.6186335737457765
1651 0.6168614687406507
1652 0.6150944357480008
1653 0.6133393366050633
1654 0.6116029671113363
1655 0.609892000243599
1656 0.6082129747782493
1657 0.6065722701995948
1658 0.6049760852042947
1659 0.6034304096709504
1660 0.6019410079242929
1661 0.6005133865417337
1662 0.5991527850050358
1663 0.5978641402709008
1664 0.5966520854801513
1665 0.5955209347694785
1666 0.594474655146205
1667 0.5935168591402946
1668 0.5926508000225985
1669 0.59187935028521
1670 0.5912049950678127
1671 0.5906298280556618
1672 0.5901555367328654
1673 0.5897834124806751
1674 0.5895140629886535
1675 0.5893486733530608
1676 0.5892868299319589
1677 0.589328155473017
1678 0.5894719572751721
1679 0.5897171329177673
1680 0.5900621644980006
1681 0.5905051410357265
1682 0.5910437794661024
1683 0.5916754404535612
1684 0.5923971374841071
1685 0.5932055434920179
1686 0.59409701294893
1687 0.5950673201534933
1688 0.5961129477628083
1689 0.597228910263701
1690 0.5984104169004271
1691 0.5996525350478812
1692 0.6009501069197554
1693 0.6022977584001687
1694 0.6036899479689652
1695 0.6051209815992026
1696 0.6065850524638372
1697 0.608076245092422
1698 0.6095885807939445
1699 0.6111160329562038
1700 0.6126525462687573
1701 0.614192064844358
1702 0.6157285606796714
1703 0.6172560428181697
1704 0.6187685932896266
1705 0.6202603851812911
1706 0.6217257014758069
1707 0.6231589736578943
1708 0.624554783548207
1709 0.6259078869596987
1710 0.6272132377358024
1711 0.6284660043857329
1712 0.6296615836904484
1713 0.630795645036534
1714 0.6318641185046829
1715 0.6328632028685158
1716 0.6337893753630464
1717 0.6346394265969546
1718 0.6354104677039214
1719 0.6360999403075878
1720 0.6367056090091561
1721 0.6372255769089978
1722 0.6376583094137215
1723 0.6380026257727445
1724 0.6382576757550491
1725 0.6384229742786049
1726 0.6384984094895906
1727 0.6384842053425388
1728 0.6383812039997366
1729 0.6381895945769479
1730 0.6379111007456628
1731 0.6375473384268744
1732 0.6371001648288173
1733 0.6365717685465967
1734 0.6359646642991428
1735 0.6352816688466426
1736 0.6345258792059858
1737 0.6337006546770273
1738 0.6328096091159086
1739 0.6318565846792534
1740 0.6308456503866757
1741 0.6297813551809743
1742 0.6286674405549775
1743 0.6275090058942756
1744 0.6263108473936509
1745 0.625077806502931
1746 0.623814867817162
1747 0.6225271274320825
1748 0.6212197611755179
1749 0.6198979868008032
1750 0.6185670443226854
1751 0.6172321805360692
1752 0.6158986297383326
1753 0.6145715933563052
1754 0.6132562200314541
1755 0.6119575871097404
1756 0.6106806815593206
1757 0.6094303701309135
1758 0.6082113912654472
1759 0.6070283349571398
1760 0.6058856289458925
1761 0.6047875208905678
1762 0.6037380553461518
1763 0.6027410609987552
1764 0.6018001423807815
1765 0.6009186668296804
1766 0.6000997471859526
1767 0.5993462348784637
1768 0.5986607094327719
1769 0.5980454722066096
1770 0.5975025344506695
1771 0.5970336121053441
1772 0.5966398479960286
1773 0.5963230697975498
1774 0.596083608275042
1775 0.595921927651017
1776 0.5958382712489272
1777 0.5958325585119444
1778 0.5959043854724446
1779 0.5960530319157387
1780 0.5962774821615981
1781 0.5965764302874675
1782 0.5969482872580296
1783 0.5973911908339768
1784 0.5979030117494837
1785 0.5984813672271836
1786 0.5991236203557697
1787 0.5998268999036573
1788 0.6005881132738289
1789 0.6014036821766228
1790 0.6022708250961609
1791 0.603185383001011
1792 0.6041434821455276
1793 0.6051411812551868
1794 0.6061743866667304
1795 0.6072388673632545
1796 0.6083302825020814
1797 0.6094442090302941
1798 0.6105761618830963
1799 0.6117216132928881
1800 0.6128760089805271
1801 0.6140347838017894
1802 0.6151933818396684
1803 0.6163472721251799
1804 0.6174919723848717
1805 0.6186230551511148
1806 0.6197361704473365
1807 0.6208270716280254
1808 0.6218916177142122
1809 0.622925796893826
1810 0.62392573308648
1811 0.6248877135557711
1812 0.6258081913626351
1813 0.6266838024719963
1814 0.6275113761277
1815 0.6282879531324502
1816 0.6290107831526983
1817 0.6296773451721009
1818 0.63028535139075
1819 0.6308327553539689
1820 0.6313177629805833
1821 0.6317388272284858
1822 0.632094662556679
1823 0.6323842456273715
1824 0.632606818276634
1825 0.6327618896715339
1826 0.6328492372906096
1827 0.6328691926102787
1828 0.6328213393531985
1829 0.6327067212909505
1830 0.6325262018164246
1831 0.6322808150549276
1832 0.6319718572542965
1833 0.6316008875446433
1834 0.6311697075349954
1835 0.6306803439811721
1836 0.630135038916295
1837 0.6295362268376614
1838 0.6288865486625627
1839 0.6281888285102405
1840 0.627446058458107
1841 0.6266613917241514
1842 0.6258381250069011
1843 0.6249796867836745
1844 0.6240896234435738
1845 0.6231718640429585
1846 0.6222294362076326
1847 0.6212666319143072
1848 0.6202873592223872
1849 0.6192954869721522
1850 0.6182949283189765
1851 0.6172896301409083
1852 0.6162835469843991
1853 0.615280616509015
1854 0.6142847411234209
1855 0.6132997729372007
1856 0.6123294978891952
1857 0.6113776239171418
1858 0.610447771941184
1859 0.6095434563944684
1860 0.6086680657781907
1861 0.6078248574299789
1862 0.6070169535698251
1863 0.606247312635031
1864 0.6055187275508984
1865 0.6048338189242513
1866 0.6041950179821749
1867 0.6036045617389941
1868 0.6030644862314419
1869 0.6025763426383559
1870 0.6021424552762257
1871 0.6017637427231521
1872 0.601441336843785
1873 0.6011762277927604
1874 0.6009691603247284
1875 0.6008206251637174
1876 0.6007308715365349
1877 0.6006999184781927
1878 0.6007275527561799
1879 0.6008133353740508
1880 0.6009566033936846
1881 0.6011564726867129
1882 0.601411842628347
1883 0.6017214017662238
1884 0.6020836348322883
1885 0.602496829232853
1886 0.6029590822777986
1887 0.6034683136680499
1888 0.6040222657406995
1889 0.6046185184617152
1890 0.6052545034769597
1891 0.6059275101080803
1892 0.6066344202449029
1893 0.607372993350387
1894 0.6081396841102003
1895 0.6089312988661593
1896 0.6097446493521061
1897 0.6105764639703515
1898 0.6114233962811477
1899 0.6122820461083665
1900 0.6131489859308155
1901 0.6140207766264767
1902 0.6148939815097468
1903 0.6157651788711412
1904 0.6166309733364842
1905 0.617488010220173
1906 0.6183329856675563
1907 0.6191626727377546
1908 0.619973910814023
1909 0.6207636331414705
1910 0.6215288725928373
1911 0.6222667790342566
1912 0.6229746234287381
1913 0.6236498094759995
1914 0.6242898858952944
1915 0.6248925479205657
1916 0.625455651938805
1917 0.6259772205081648
1918 0.6264554512462381
1919 0.6268887207498304
1920 0.627275590719107
1921 0.6276148144467015
1922 0.6279053349984308
1923 0.6281462935341389
1924 0.6283370290856182
1925 0.6284773641949115
1926 0.6285663243875489
1927 0.628604329690132
1928 0.6285915542299436
1929 0.6285282873103119
1930 0.6284150310678627
1931 0.6282525060590767
1932 0.6280416264142654
1933 0.627783494066338
1934 0.6274793869303765
1935 0.6271307533602895
1936 0.6267392067515809
1937 0.6263065177991552
1938 0.6258346108605477
1939 0.6253255516884086
1940 0.6247815389871272
1941 0.6242048957973005
1942 0.6235980595642461
1943 0.622963572021112
1944 0.6223040686860526
1945 0.6216222679847545
1946 0.6209209602770076
1947 0.6202029961805213
1948 0.6194712752835483
1949 0.6187287343149857
1950 0.6179783359549693
1951 0.6172230571808106
1952 0.6164658768192783
1953 0.6157097648796968
1954 0.6149576701902213
1955 0.6142125100083777
1956 0.6134774366221079
1957 0.612754558043386
1958 0.6120471078615655
1959 0.6113578002706801
1960 0.6106891803210155
1961 0.6100437128417805
1962 0.609423501624472
1963 0.608831548634885
1964 0.6082695351372953
1965 0.6077394555520055
1966 0.6072432492382714
1967 0.6067826972691641
1968 0.6063594071556206
1969 0.6059748218544925
1970 0.6056302237292583
1971 0.605326733345899
1972 0.6050653073650676
1973 0.6048467322413167
1974 0.6046716211077057
1975 0.6045404141466715
1976 0.6044533768867653
1977 0.6044106009193351
1978 0.6044120043921006
1979 0.6044573328580239
1980 0.6045461614904091
1981 0.60467789801871
1982 0.6048517870155745
1983 0.6050669106862143
1984 0.6053221948850251
1985 0.60561641516299
1986 0.6059482005058527
1987 0.6063160444986107
1988 0.6067183050907957
1989 0.6071532172586382
1990 0.6076188972488813
1991 0.6081133502296991
1992 0.6086344795508352
1993 0.6091800973331206
1994 0.6097479334327542
1995 0.6103356426152
1996 0.6109405359753407
1997 0.611560864549791
1998 0.6121936371726895
1999 0.6128362731389152
2000 0.613486251122545
2001 0.6143590767678397
2002 0.6152353158611013
2003 0.6161084321311965
2004 0.6169722929685155
2005 0.617821037864117
2006 0.6186489656926868
2007 0.6194505021527944
2008 0.6202202478361414
2009 0.6209530609109897
2010 0.6216441086142928
2011 0.6222888958998181
2012 0.6228832902893435
2013 0.6234235273642029
2014 0.6239062219656418
2015 0.6243283825203411
2016 0.6246874267587466
2017 0.6249815870550524
2018 0.6252080228682839
2019 0.6253666322766227
2020 0.6254563856120126
2021 0.6254768558651587
2022 0.6254282728058935
2023 0.6253113637505626
2024 0.6251273003861748
2025 0.6248777045043107
2026 0.6245646505872999
2027 0.6241906502853627
2028 0.6237586287576189
2029 0.6232719010182572
2030 0.6227341391858029
2031 0.6221493545594127
2032 0.6215218613225753
2033 0.6208562457558788
2034 0.620157332389725
2035 0.6194301487465246
2036 0.618679888668527
2037 0.6179118749505326
2038 0.6171315233120884
2039 0.6163442978498288
2040 0.6155556796132277
2041 0.6147711255314856
2042 0.6139960331311893
2043 0.6132357027575533
2044 0.6124952390116677
2045 0.6117786974483714
2046 0.6110927987342687
2047 0.6104414118055101
2048 0.609828613715669
2049 0.6092583754655881
2050 0.6087343890185362
2051 0.608260003842426
2052 0.6078382025150159
2053 0.6074715849123935
2054 0.6071623548751879
2055 0.6069123102824039
2056 0.6067228322195565
2057 0.6065948729965496
2058 0.6065289521549548
2059 0.606525152382815
2060 0.6065831253370452
