"drag-coefficient-rfile"
"Iteration" "drag-coefficient"
("Iteration" "drag-coefficient")
1 1.121137618656112
2 1.01983789678376
3 1.02963049005383
4 1.035107207321165
5 1.038656859191707
6 1.018820699440284
7 0.9933462568048412
8 0.9684082394168407
9 0.944030286181581
10 0.9193678859156141
11 0.8940552087559073
12 0.8680608503801993
13 0.8415383546545504
14 0.8146508817305671
15 0.7875210080628684
16 0.7604091170051327
17 0.7332807015031613
18 0.7060305032258004
19 0.6786560545645053
20 0.6512122996907365
21 0.6237491053674522
22 0.5962987909983504
23 0.568873103649661
24 0.5414768167910693
25 0.5141191896475557
26 0.486816582847668
27 0.4595978168366354
28 0.4325004949518309
29 0.4055602950987692
30 0.3788302039754515
31 0.3523702225015017
32 0.3262472054238357
33 0.3005267266670217
34 0.2752858374018908
35 0.2506008779416313
36 0.2265405418890623
37 0.2031618507001358
38 0.1805178492438666
39 0.1586600516227772
40 0.1376392761653145
41 0.1174988587638524
42 0.0982766513508601
43 0.08000138224692642
44 0.06269559354508909
45 0.04637435254960149
46 0.03104412470713301
47 0.01670413329955654
48 0.003347952614821591
49 -0.009052798702790677
50 -0.02051843443391059
51 -0.03109467066050477
52 -0.04082596635340623
53 -0.04976019528065984
54 -0.05795383380587521
55 -0.0654662155415512
56 -0.0723707029476628
57 -0.07871714606169009
58 -0.08458842765478922
59 -0.09004343017629454
60 -0.09515643825525166
61 -0.09995308664147526
62 -0.1045017232801812
63 -0.1088389833472392
64 -0.1129952880457497
65 -0.1169953773217631
66 -0.1208504232507044
67 -0.1245656655616242
68 -0.1281130741992171
69 -0.1314984453683878
70 -0.1346933561255965
71 -0.1376684009084503
72 -0.1403813282124956
73 -0.1427831110998992
74 -0.1448246848590898
75 -0.1464382503614133
76 -0.1475597334115573
77 -0.1481151955069245
78 -0.1480313294221023
79 -0.1472236692157652
80 -0.1456085086009278
81 -0.143090668272671
82 -0.1395793379314847
83 -0.1349927657790392
84 -0.129242754976568
85 -0.1222414720050743
86 -0.1139273614140109
87 -0.1042426077398364
88 -0.09314404121040887
89 -0.08060066977417359
90 -0.06660693894505973
91 -0.05118282797502145
92 -0.03433255497079673
93 -0.01612225387409352
94 0.003374919536719411
95 0.02406873844346666
96 0.04584857542560093
97 0.06858002167423111
98 0.09214203025263895
99 0.1163400967879292
100 0.1409969694040618
101 0.1658999289438941
102 0.1909051057583728
103 0.2157778799115924
104 0.2402986310903347
105 0.2642730383592545
106 0.2874806573846737
107 0.3097778345589812
108 0.3309424220908073
109 0.3508012212012114
110 0.3691992562842203
111 0.3859973634181239
112 0.4010694576804293
113 0.4143097943221256
114 0.4256337512252832
115 0.4349776422962108
116 0.4422899634243095
117 0.44754520421254
118 0.4507388869363313
119 0.4518788713919528
120 0.450987126554023
121 0.4481140595048163
122 0.4433238384765859
123 0.4366565496001074
124 0.428223417625105
125 0.4181131954573203
126 0.4064275847797543
127 0.3932724067741732
128 0.3787662001960828
129 0.3630371464490039
130 0.3462151033597483
131 0.3284199555816105
132 0.3097771443095573
133 0.2904329379424691
134 0.2705157951866075
135 0.2501567031669421
136 0.229479880412169
137 0.2086150786136157
138 0.1876760271421789
139 0.1667720055930525
140 0.146009756886178
141 0.1254967435214542
142 0.1053342455447448
143 0.08559845955872467
144 0.06636406490696903
145 0.04769762561670646
146 0.02967656149195712
147 0.01234563849185913
148 -0.004248873434873519
149 -0.02005571019327588
150 -0.03505359055213829
151 -0.04921020697653491
152 -0.06250439287674944
153 -0.07492745044408822
154 -0.08645452605453686
155 -0.09708391904830635
156 -0.1068134608252036
157 -0.1156498761260982
158 -0.1235889446061453
159 -0.1306361034371415
160 -0.1367994383938236
161 -0.1420905357371699
162 -0.1465230058506512
163 -0.1501121049854919
164 -0.1528747970409479
165 -0.1548292709536059
166 -0.1559941507112468
167 -0.1563866904704985
168 -0.1560291118095937
169 -0.1549500219962216
170 -0.153150971563105
171 -0.1506669860872854
172 -0.1475149886493575
173 -0.1437144298030651
174 -0.1392872514216002
175 -0.134254030163869
176 -0.1286332344278532
177 -0.1224453478267861
178 -0.1157098233588057
179 -0.1084462274000858
180 -0.1006750849787384
181 -0.09241719279718241
182 -0.0836859095351357
183 -0.07450337272272715
184 -0.06489062724692179
185 -0.05486746168649496
186 -0.04445755987449229
187 -0.03368358862178238
188 -0.02256260736762676
189 -0.01111821088630934
190 0.000624378459196702
191 0.01263428271856237
192 0.02487941188529288
193 0.03733657368759057
194 0.04997588166965299
195 0.06276535364704822
196 0.07566599476211489
197 0.08863985314807139
198 0.1016426805425639
199 0.1146429436412261
200 0.1276042928583821
201 0.1404822971210799
202 0.1532108780199691
203 0.1657750724744334
204 0.17810125928096
205 0.190147412931246
206 0.2018629046003085
207 0.2131970209801413
208 0.224102040731963
209 0.2345274844881667
210 0.2444201568693922
211 0.2537349667885106
212 0.2624207835558999
213 0.2704280822593566
214 0.2777119144218986
215 0.2842302987750577
216 0.2899430429815893
217 0.2948146165338162
218 0.2988135815434636
219 0.3019099607116235
220 0.3040785824095736
221 0.3053013710937952
222 0.305562500476347
223 0.3048483895893556
224 0.3031550874420024
225 0.3004862683306387
226 0.2968483082476687
227 0.2922527530174379
228 0.2867151898765529
229 0.2802592743984704
230 0.2729125432754455
231 0.2647066875956129
232 0.255679284499327
233 0.2458738846227821
234 0.2353383427535646
235 0.224124939137643
236 0.2122901944706908
237 0.1998931273626857
238 0.1869812254912393
239 0.1736276315855281
240 0.1598964805876707
241 0.1458535477914927
242 0.1315679573161175
243 0.1171075018174549
244 0.102542350850629
245 0.08794200444578089
246 0.07337652320945076
247 0.0589154978457844
248 0.04462883191666007
249 0.03057238770482934
250 0.01681499020153758
251 0.003419914178196986
252 -0.009549156081465671
253 -0.02203911824371661
254 -0.03399236194297354
255 -0.04535738073940666
256 -0.05608713108350848
257 -0.06613990975162154
258 -0.07547195666700814
259 -0.0840496056265074
260 -0.09183542887684164
261 -0.09880113170920303
262 -0.1049249623371357
263 -0.110182570355998
264 -0.114558344978719
265 -0.1180421343560397
266 -0.1206264745649961
267 -0.122308049645756
268 -0.1230903184546171
269 -0.1229821666655105
270 -0.1219938933582099
271 -0.1201396172248517
272 -0.1174369788123085
273 -0.1139092414762918
274 -0.1095829392590938
275 -0.1044875151506221
276 -0.09866662784305685
277 -0.09212977923932983
278 -0.08493260915040611
279 -0.07711538676642836
280 -0.0687217820236857
281 -0.05979642733943068
282 -0.05038500200406135
283 -0.04053681981161671
284 -0.03030151838609099
285 -0.01972741073991545
286 -0.008864192336888824
287 0.002238379889305981
288 0.0135312131966004
289 0.02496499487864322
290 0.03648815574653425
291 0.04805675901890512
292 0.05961435031551128
293 0.07114080136683854
294 0.08256792129861344
295 0.09385271348754294
296 0.1049628803204007
297 0.115860073016634
298 0.1265075651014531
299 0.1368671887530404
300 0.1469095051435356
301 0.1566048574179267
302 0.1659203282053876
303 0.1748286743023712
304 0.1833012471193471
305 0.1913128948007367
306 0.1988460312409789
307 0.2058816481723702
308 0.2124025146475078
309 0.2183873578903678
310 0.2238227678806959
311 0.228700094342834
312 0.2330079317950002
313 0.2367373782915272
314 0.2398815844293652
315 0.2424263805685077
316 0.244374766610816
317 0.2457267074104678
318 0.2464845022378397
319 0.2466478175082524
320 0.2462147465516658
321 0.2451887144115727
322 0.2435773525236781
323 0.2413923164055318
324 0.2386424309861641
325 0.2353395484903744
326 0.231494461166171
327 0.227123204000618
328 0.2222421062172701
329 0.2168704072701074
330 0.2110291755003552
331 0.204739071835197
332 0.1980230434516461
333 0.1909119302148538
334 0.1834164682145818
335 0.1755777246139808
336 0.1674226411288924
337 0.1589801028738309
338 0.1502818252021302
339 0.1413595713912746
340 0.1322460922836164
341 0.1229746229406305
342 0.1135813095655691
343 0.1041033897475786
344 0.09457722182979536
345 0.08503905911873826
346 0.07552264296015385
347 0.06606365081506453
348 0.05669861045857529
349 0.04746495116226528
350 0.03839687723136407
351 0.02952939241025434
352 0.02089753596847855
353 0.0125355066772519
354 0.004475705392258858
355 -0.003253646966816805
356 -0.01062074084175463
357 -0.01759136616799313
358 -0.02414195542204153
359 -0.03024827752908007
360 -0.03588494466462755
361 -0.04103195122000788
362 -0.04566936315098697
363 -0.04977797611292739
364 -0.05334189867397515
365 -0.05634813123232005
366 -0.05878536829314406
367 -0.06064499141927303
368 -0.06192121134523433
369 -0.0626124827631504
370 -0.06271675611248169
371 -0.06223499222949884
372 -0.06117177242876427
373 -0.0595341690582302
374 -0.05733173008269021
375 -0.05457517191295309
376 -0.05127991800443105
377 -0.04746231213288371
378 -0.04314147308973022
379 -0.03833913066643634
380 -0.03307849012235798
381 -0.02738461373193676
382 -0.02128476032235556
383 -0.01480867245472752
384 -0.007986704487339201
385 -0.0008499263173040188
386 0.006568654915000352
387 0.0142342579850785
388 0.0221120996548455
389 0.03016644650200368
390 0.03836163275134556
391 0.04666202850151176
392 0.05503023035802523
393 0.06342871719287281
394 0.07182235953997415
395 0.0801756955461821
396 0.08844571369411657
397 0.09662371872509237
398 0.1046561920183177
399 0.1125118776827685
400 0.1201646334078184
401 0.1275879177131397
402 0.1347494839314255
403 0.1416220085247088
404 0.1481825862950018
405 0.1544089445209078
406 0.1602800312775007
407 0.1657762813822962
408 0.1708799642375924
409 0.1755750811952376
410 0.1798448533006674
411 0.1836812285812313
412 0.1870747141636608
413 0.1900164310177573
414 0.1924999427894468
415 0.1945206793391228
416 0.1960760229447963
417 0.197165076357875
418 0.1977872385210017
419 0.1979471488503979
420 0.1976493225339635
421 0.1968999145756253
422 0.1957065754164385
423 0.1940780132810221
424 0.1920245399252304
425 0.1895579293932039
426 0.1866915548343734
427 0.1834399438374999
428 0.1798185283410377
429 0.1758502731977341
430 0.1715348310601481
431 0.1669064365296117
432 0.1619828802484985
433 0.156783447521096
434 0.1513287094270057
435 0.1456402007446197
436 0.1397408309995004
437 0.1336540118658144
438 0.1274030450303738
439 0.1210110710272367
440 0.114503263037289
441 0.1079035225110762
442 0.1012360305272321
443 0.094525567274672
444 0.08779667953115779
445 0.08107359772273237
446 0.07437970918637042
447 0.06773852218779028
448 0.06117538982863416
449 0.05471488197628201
450 0.04838004547065192
451 0.0421943402376328
452 0.03617784866532459
453 0.03035117317261171
454 0.02473485294093452
455 0.01934835416387406
456 0.01421099602348661
457 0.009342094390079641
458 0.004758667463634803
459 0.0004769937213126158
460 -0.003488767671272416
461 -0.007125951361661099
462 -0.01042156168008468
463 -0.01336415664120335
464 -0.0159426554420874
465 -0.01814821863619244
466 -0.01997367928856101
467 -0.02141331198604401
468 -0.02246300049790332
469 -0.02311975498079413
470 -0.02338243655021928
471 -0.02325089868574799
472 -0.02272656584466908
473 -0.0218119505616908
474 -0.02051224235628149
475 -0.01883329795082496
476 -0.01678253143911814
477 -0.01436880309524018
478 -0.01160227598235756
479 -0.008494835726148266
480 -0.005059414507421108
481 -0.001310531988852189
482 0.002736500905058355
483 0.007064789087669242
484 0.01165601353314025
485 0.01649163095882189
486 0.02155161952057503
487 0.02681537879408275
488 0.03226138147379114
489 0.03786702074776217
490 0.04360923926998955
491 0.04946459153073918
492 0.05540923770956589
493 0.06141926274751469
494 0.06747018926410389
495 0.07353776513693965
496 0.07959748179351496
497 0.08562493384595983
498 0.09159635088016638
499 0.09748799100411894
500 0.1032752562504788
501 0.1089377536647425
502 0.1144542671906212
503 0.1197950317322213
504 0.124962258267678
505 0.1299172104940705
506 0.1346436445724734
507 0.1391256826160954
508 0.1433476787579615
509 0.1472945140388775
510 0.1509522369516037
511 0.1543066793236559
512 0.157348787635848
513 0.1600686556655799
514 0.1624573356653918
515 0.1645074241502552
516 0.1662133261433552
517 0.1675707311122215
518 0.1685766256606694
519 0.1692297063422879
520 0.1695299340133596
521 0.1694787312540101
522 0.1690790643033322
523 0.1683343674614245
524 0.1672509380871927
525 0.165835847187137
526 0.1640971318508037
527 0.1620438641853688
528 0.1596862748703251
529 0.1570424874817392
530 0.1541061438075484
531 0.1509068589184039
532 0.1474568688949272
533 0.1437702751217968
534 0.1398626349305337
535 0.1357505431953425
536 0.131451075206882
537 0.1269822658595889
538 0.1223628114505847
539 0.1176115297658892
540 0.1127481005714389
541 0.1077920543223736
542 0.102762878734851
543 0.09768006402944034
544 0.09256373219675777
545 0.08743368370785079
546 0.08230892947973932
547 0.07721009185867964
548 0.07215706214904308
549 0.06716849361339743
550 0.06226303061163981
551 0.05745943552722083
552 0.05277567190584835
553 0.04822812749479329
554 0.04383325637956052
555 0.03960730288856862
556 0.03556566428042687
557 0.03172233561092548
558 0.02809111024639363
559 0.02468536760580128
560 0.02151661614666963
561 0.01859526099750549
562 0.01593107248199269
563 0.01353353578274744
564 0.01141041792390997
565 0.009567392026981711
566 0.008009638728825865
567 0.006741570444788815
568 0.005766086111902896
569 0.005085804889946601
570 0.004702193841617595
571 0.004614357735506148
572 0.004821029140336163
573 0.005319667520736903
574 0.006106819224675849
575 0.007177830660620783
576 0.00852706374183218
577 0.01014768537423128
578 0.0120321324961286
579 0.01417166888203589
580 0.01655667710487466
581 0.01917667874123273
582 0.02202038125500696
583 0.02507565831848328
584 0.02832948330343544
585 0.03176812414342575
586 0.03537727144407621
587 0.03914203301440587
588 0.04304678585143494
589 0.04707568087348154
590 0.05121265145281668
591 0.05544110542706117
592 0.0597440564154879
593 0.06410422220932681
594 0.06850435647324916
595 0.07292708939652065
596 0.07735507682082333
597 0.08177072233047065
598 0.08615691951687048
599 0.09049755164370286
600 0.09477628603413832
601 0.09897673894736922
602 0.1030827806394531
603 0.1070786905090605
604 0.1109493506380081
605 0.1146803609123494
606 0.1182578754172524
607 0.1216688210169058
608 0.1249008343471214
609 0.1279422660731186
610 0.1307822042773696
611 0.1334105996772471
612 0.1358175087487353
613 0.1379956482758602
614 0.1399380803343166
615 0.1416382451407677
616 0.1430905109758256
617 0.1442908501557454
618 0.1452353162316916
619 0.1459216936456167
620 0.1463488286971237
621 0.1465164070673122
622 0.1464252612337264
623 0.1460769553952098
624 0.1454741201870324
625 0.1446203038484452
626 0.1435202005632312
627 0.1421794104358028
628 0.1406043429741959
629 0.1388023229336256
630 0.1367815617034565
631 0.1345510261618611
632 0.1321203512673628
633 0.1294999383042146
634 0.1267010631296446
635 0.1237352923867486
636 0.1206149823117565
637 0.1173529045812305
638 0.1139623887169834
639 0.1104571351177306
640 0.1068507052221969
641 0.1031582892040854
642 0.0993946609812284
643 0.09557496215261502
644 0.09171392505714153
645 0.08782657025787724
646 0.08392812820641654
647 0.08003394473327242
648 0.07615902593559673
649 0.0723182705174976
650 0.06852650473052352
651 0.06479883490140637
652 0.06114882102399656
653 0.05759012140575354
654 0.05413620605034263
655 0.0508000586405629
656 0.04759421076048674
657 0.0445305547308395
658 0.04161974678813693
659 0.03887256237798982
660 0.03629942988837972
661 0.03390931889108294
662 0.03171048212856006
663 0.02971089857932402
664 0.02791687662403691
665 0.02633430340027317
666 0.02496819077017947
667 0.02382276009385536
668 0.02290134995487334
669 0.02220639952619655
670 0.021738803649456
671 0.02149921172319613
672 0.02148739886553409
673 0.0217022297991459
674 0.02214164529248194
675 0.02280241359627693
676 0.02368107545339456
677 0.02477320407677213
678 0.02607304773182801
679 0.0275741939877145
680 0.02926954453570924
681 0.03115143334125545
682 0.03321145721414472
683 0.03544055410428538
684 0.03782896048936913
685 0.04036638993979249
686 0.04304209594298022
687 0.04584485697408499
688 0.04876294434301547
689 0.05178422792979104
690 0.0548961774376094
691 0.05808609037062473
692 0.06134125831051301
693 0.06464836841241221
694 0.06799413477254851
695 0.07136558844008035
696 0.07474974433026627
697 0.07813283944893049
698 0.0815017693908042
699 0.08484377536666242
700 0.08814618096438558
701 0.09139644938477291
702 0.09458204153082818
703 0.09769093539666052
704 0.1007116131468474
705 0.1036329075843647
706 0.1064439903990727
707 0.1091346248230095
708 0.1116951563871586
709 0.1141165497390101
710 0.1163903436673508
711 0.1185086252111374
712 0.1204641082534603
713 0.1222493940880038
714 0.1238595745559382
715 0.1252895391164992
716 0.1265347439729832
717 0.1275913567450233
718 0.1284564250470749
719 0.1291276456453254
720 0.1296039180002885
721 0.1298841538091318
722 0.1299682721843568
723 0.1298572084921714
724 0.1295525983813787
725 0.1290567570075058
726 0.1283726780247357
727 0.1275040550307951
728 0.1264552112587895
729 0.1252312342869018
730 0.1238377833709517
731 0.1222811923583917
732 0.1205685506229989
733 0.1187071939623464
734 0.1167050836396909
735 0.1145704736483563
736 0.1123122234208019
737 0.1099399234588067
738 0.1074634461990232
739 0.1048926585308267
740 0.1022380962662545
741 0.09951042937926993
742 0.09672073750215164
743 0.09388002153271514
744 0.09099961191059369
745 0.08809089449716526
746 0.08516512969842543
747 0.08223390291845915
748 0.07930877681872421
749 0.07640118010774639
750 0.07352254002883689
751 0.0706835293762014
752 0.06789500142610846
753 0.06516767017798482
754 0.06251198475789403
755 0.05993807100741198
756 0.05745555932215252
757 0.05507375240129322
758 0.05280160882162819
759 0.05064681820662394
760 0.04861816830740152
761 0.04672312263034466
762 0.04496843428667754
763 0.04336021930697016
764 0.04190399656342272
765 0.04060481834954625
766 0.03946691928766587
767 0.03849397564823309
768 0.0376890045810239
769 0.03705439849902087
770 0.03659190114457883
771 0.0363024398749913
772 0.03618626578770225
773 0.0362428937636612
774 0.03647146756422163
775 0.03687023563441676
776 0.03743672217007057
777 0.0381675889176552
778 0.03905930328261861
779 0.040107457984876
780 0.04130722427414112
781 0.04265305809942738
782 0.04413891628635781
783 0.0457582185946255
784 0.04750386731958219
785 0.04936828002604261
786 0.05134344618342052
787 0.05342100383694499
788 0.05559222553219086
789 0.05784804682881115
790 0.06017913166946089
791 0.06257586002349431
792 0.06502851711672004
793 0.06752708015350184
794 0.07006155588159679
795 0.07262176006895779
796 0.07519744387775341
797 0.07777842429322555
798 0.08035457797290457
799 0.08291582234465117
800 0.08545217868749368
801 0.08795379002847978
802 0.09041096517129665
803 0.09281434766060519
804 0.09515491535977372
805 0.0974238921421085
806 0.09961278995815602
807 0.1017135121673174
808 0.1037183553308856
809 0.1056200922232968
810 0.1074119363543338
811 0.1090875735359754
812 0.1106411557704649
813 0.1120673979876766
814 0.1133611426509681
815 0.1145182067906982
816 0.1155353106930395
817 0.1164092239690459
818 0.1171372688380443
819 0.1177174424738814
820 0.1181483298422571
821 0.1184291216481235
822 0.1185595814295092
823 0.1185400762083436
824 0.1183715453011649
825 0.1180556522011918
826 0.1175942930374781
827 0.1169899795868333
828 0.1162457995141202
829 0.1153654668418873
830 0.1143532874381942
831 0.1132137677787259
832 0.1119521684247753
833 0.1105740386583417
834 0.1090851572916182
835 0.1074918221794531
836 0.1058008566681468
837 0.1040192940027508
838 0.102154370435515
839 0.1002138584840389
840 0.09820560081154811
841 0.09613769314582742
842 0.09401858760479515
843 0.09185657249742049
844 0.08966034766941858
845 0.08743853812617715
846 0.08520007962274577
847 0.08295344416381004
848 0.08070738907762298
849 0.07847057282102954
850 0.07625173530647276
851 0.0740594821838704
852 0.07190212881833033
853 0.06978791799647724
854 0.06772481169393287
855 0.0657205504331658
856 0.0637826862618828
857 0.06191848074953224
858 0.06013483292175063
859 0.05843797265099013
860 0.05683427663203268
861 0.0553299011543248
862 0.0539301920464942
863 0.05264001081108379
864 0.05146376778584264
865 0.05040537656786027
866 0.04946849915067275
867 0.04865609047575184
868 0.04797068401947456
869 0.04741432484930089
870 0.04698859120219464
871 0.04669444898197103
872 0.04653237853245307
873 0.04650236584699357
874 0.0466037753251245
875 0.04683553677868409
876 0.04719597915450268
877 0.04768309004901614
878 0.04829432345862569
879 0.04902655130226936
880 0.04987635184600091
881 0.0508396921502241
882 0.05191216565736136
883 0.05308896254597087
884 0.05436489468718959
885 0.05573438686625246
886 0.05719155055197632
887 0.058730177606925
888 0.0603437450519401
889 0.06202547884828951
890 0.06376837313270449
891 0.06556516435218626
892 0.06740848168335292
893 0.06929084298727804
894 0.07120461842383734
895 0.07314206064105618
896 0.0750953918021027
897 0.07705681387525225
898 0.07901853971981405
899 0.08097285567490631
900 0.08291211313959372
901 0.08482873756372546
902 0.08671521591618361
903 0.08856432144328423
904 0.09036904921965563
905 0.09212259361057644
906 0.09381830179043842
907 0.09544980159791872
908 0.09701105421569893
909 0.09849637062080267
910 0.09990037282718311
911 0.1012180427166235
912 0.1024446960358084
913 0.103576056623956
914 0.1046082464340478
915 0.105537539330267
916 0.1063610039427593
917 0.107076346235418
918 0.1076813230981104
919 0.1081741056387733
920 0.1085533775906952
921 0.1088182927972681
922 0.1089684521165475
923 0.1090039378273131
924 0.1089252875817063
925 0.1087334541277726
926 0.1084298167766672
927 0.1080162302922145
928 0.1074949587845636
929 0.1068687072297534
930 0.1061406081402888
931 0.1053138239583028
932 0.1043922141246535
933 0.1033799308792701
934 0.1022814251942258
935 0.1011014901061148
936 0.09984518098389077
937 0.09851776922843904
938 0.09712486084182151
939 0.09567226438949819
940 0.09416592401516266
941 0.09261188578611854
942 0.09101657620189459
943 0.08938653891688962
944 0.08772832182135437
945 0.08604851939211687
946 0.08435379177831427
947 0.0826508056149529
948 0.08094630769760412
949 0.07924698320183195
950 0.07755937292124471
951 0.07589005078374252
952 0.07424550120905585
953 0.07263200734713186
954 0.07105572575403388
955 0.06952266160564662
956 0.06803858892550078
957 0.06660910654760727
958 0.06523949520150613
959 0.06393447596369978
960 0.06269927116942661
961 0.06153850482199786
962 0.06045622377904637
963 0.05945618945552023
964 0.05854189970183916
965 0.0577164768137759
966 0.05698267246983026
967 0.05634289689141561
968 0.05579914539761442
969 0.055353120768609
970 0.05500598418220829
971 0.05475866998043261
972 0.05461156001866335
973 0.05456467735342363
974 0.05461765064292424
975 0.05476975215017694
976 0.05501984802356387
977 0.05536648421831527
978 0.05580782396652976
979 0.05634156311589478
980 0.05696507873825724
981 0.0576755385452299
982 0.05846962365642483
983 0.05934375356339461
984 0.06029406153143348
985 0.06131639502882245
986 0.06240634257164171
987 0.06355925126414971
988 0.06477025015474441
989 0.06603425476511805
990 0.06734600997758902
991 0.06870009901416305
992 0.07009094312262118
993 0.07151283421321521
994 0.07296004377412853
995 0.07442679854108569
996 0.07590722505820288
997 0.07739539926076308
998 0.07888545276232756
999 0.08037151861328128
1000 0.08184777228695335
1001 0.08330843980210077
1002 0.08474786570300755
1003 0.08616055496254336
1004 0.08754117554215321
1005 0.08888451236930879
1006 0.09018547524893383
1007 0.09143917824823423
1008 0.09264099040111769
1009 0.09378651526075518
1010 0.09487161128015562
1011 0.09589241271987391
1012 0.09684530121792134
1013 0.09772696250497248
1014 0.09853436841831667
1015 0.09926479279483601
1016 0.09991555966601592
1017 0.1004849110131572
1018 0.1009712289804702
1019 0.101373043742974
1020 0.1016892252872085
1021 0.1019190120548701
1022 0.1020619980061228
1023 0.1021181111965692
1024 0.1020876467989885
1025 0.1019712406935503
1026 0.1017698866579296
1027 0.1014849011959198
1028 0.1011178570642259
1029 0.1006706208209317
1030 0.1001454399847114
1031 0.09954477381591922
1032 0.09887138272514631
1033 0.09812838722100184
1034 0.09731908145068945
1035 0.09644699187429424
1036 0.09551591538812568
1037 0.09452974424187435
1038 0.09349269165949155
1039 0.09240909253774376
1040 0.0912834339497193
1041 0.09012026970123758
1042 0.08892447761125899
1043 0.08770091418584341
1044 0.08645446767502016
1045 0.08519016827633488
1046 0.08391298506892458
1047 0.0826280384158342
1048 0.08134039755396015
1049 0.08005509777936555
1050 0.07877713647790879
1051 0.07751146482568108
1052 0.0762629246850642
1053 0.07503629454867486
1054 0.0738362677391606
1055 0.07266741611431989
1056 0.0715341498552958
1057 0.07044071348294667
1058 0.06939098220846421
1059 0.06838896701670945
1060 0.06743852921772525
1061 0.06654304582497936
1062 0.06570568133458869
1063 0.06492935527190756
1064 0.06421676140958149
1065 0.06357036053146298
1066 0.06299223045278697
1067 0.06248434000645907
1068 0.0620482269874725
1069 0.06168518674785096
1070 0.06139624115006375
1071 0.06118212594237928
1072 0.06104326671578578
1073 0.0609797808677787
1074 0.0609914551601009
1075 0.06107787956042155
1076 0.0612382202186901
1077 0.06147139214140412
1078 0.06177616659328151
1079 0.06215087551638232
1080 0.06259360658471473
1081 0.06310232969651637
1082 0.06367462372563383
1083 0.0643078797441422
1084 0.06499926932009158
1085 0.06574575045780891
1086 0.0665440747181477
1087 0.06739081918999694
1088 0.06828238490389067
1089 0.06921501005839362
1090 0.07018479014722688
1091 0.07118770124242312
1092 0.07221960890298906
1093 0.07327625342328313
1094 0.07435335260175797
1095 0.07544660131468782
1096 0.07655161212710462
1097 0.07766396064592074
1098 0.07877922924330481
1099 0.07989302454011434
1100 0.08100099202138217
1101 0.08209877678515119
1102 0.0831821382427366
1103 0.08424694056416394
1104 0.08528915177008826
1105 0.08630482219384222
1106 0.08729008489927544
1107 0.08824121838935846
1108 0.08915470489763008
1109 0.09002719328050077
1110 0.0908555133386684
1111 0.09163668981302352
1112 0.09236793988249851
1113 0.09304667819960465
1114 0.09367056152304078
1115 0.09423747170470205
1116 0.09474552018221126
1117 0.0951929753366257
1118 0.0955783681219048
1119 0.09590081240728823
1120 0.09615940109384549
1121 0.09635344265275074
1122 0.09648250614519116
1123 0.09654643759176842
1124 0.09654535213523226
1125 0.09647963028261138
1126 0.09634989902312996
1127 0.09615703969626806
1128 0.0959021629126522
1129 0.0955866098093419
1130 0.09521199791484604
1131 0.09478006680206673
1132 0.09429279751699222
1133 0.09375246725531461
1134 0.09316148314150559
1135 0.09252242329291228
1136 0.09183803872733864
1137 0.09111125681828765
1138 0.09034514516242791
1139 0.08954294734991566
1140 0.08870791236811587
1141 0.08784355718348041
1142 0.08695344344230529
1143 0.08604117735005207
1144 0.08511042686752134
1145 0.08416492193379048
1146 0.0832084729611105
1147 0.08224477522406737
1148 0.0812776890486118
1149 0.08031102060311721
1150 0.07934852532421301
1151 0.0783939312632071
1152 0.07745092730600645
1153 0.07652313341039227
1154 0.07561409021262704
1155 0.07472723456325961
1156 0.07386591722162231
1157 0.07303327317698377
1158 0.07223238914079211
1159 0.07146644416362918
1160 0.07073822461393454
1161 0.07005028849850183
1162 0.06940517107101918
1163 0.06880508095298675
1164 0.06825209814851316
1165 0.06774814757459569
1166 0.06729497683816832
1167 0.06689408551758889
1168 0.06654673552118806
1169 0.06625398122614694
1170 0.066016652778871
1171 0.06583535729942676
1172 0.06571048313609414
1173 0.06564216506007071
1174 0.06563042658953203
1175 0.06567494435917459
1176 0.06577522003289131
1177 0.06593051383123895
1178 0.06613999133829686
1179 0.06640247333761093
1180 0.06671662272979824
1181 0.06708088892936089
1182 0.06749365918440432
1183 0.067952977736798
1184 0.0684567753577192
1185 0.06900283260234873
1186 0.06958877596742873
1187 0.07021208752883287
1188 0.07087011265715151
1189 0.07156007395013733
1190 0.0722790851038209
1191 0.07302415822049327
1192 0.0737922166128863
1193 0.07458011684500332
1194 0.07538463865765985
1195 0.07620254586448907
1196 0.07703059065868932
1197 0.07786548724980544
1198 0.07870392386764176
1199 0.07954258839766949
1200 0.08037816409073145
1201 0.08120739268732563
1202 0.08202709157147935
1203 0.08283412639005457
1204 0.08362542175407084
1205 0.08439795682816126
1206 0.08514880246902268
1207 0.08587515162886966
1208 0.08657429488719788
1209 0.08724365806899964
1210 0.08788080197927756
1211 0.08848343269070301
1212 0.08904940357228097
1213 0.08957672900997241
1214 0.09006358103995511
1215 0.0905082933150706
1216 0.09090937850936108
1217 0.09126552769444202
1218 0.09157561753222748
1219 0.09183859206667579
1220 0.09205380015103856
1221 0.09222078552762293
1222 0.09233915692811259
1223 0.09240871038317053
1224 0.09242944132112521
1225 0.09240155302296879
1226 0.09232543766095225
1227 0.09220167676592181
1228 0.09203103551895427
1229 0.09181445051779932
1230 0.09155307255551605
1231 0.09124808696993464
1232 0.09090103482586341
1233 0.09051342516461573
1234 0.0900870624232414
1235 0.08962383534831449
1236 0.08912575328618588
1237 0.08859496131066218
1238 0.0880337069822551
1239 0.08744435008913778
1240 0.08682936436212391
1241 0.08619132261827667
1242 0.08553287942146674
1243 0.08485663461050624
1244 0.0841653768098696
1245 0.08346189503675104
1246 0.08274899873878871
1247 0.08202953362582484
1248 0.0813063469648608
1249 0.08058228806255235
1250 0.07986019305896286
1251 0.07914286639352956
1252 0.07843308762706221
1253 0.07773358252913098
1254 0.07704703227597554
1255 0.07637605461887051
1256 0.07572307822060656
1257 0.07509064823429246
1258 0.07448122366335121
1259 0.07389703566160592
1260 0.07334018682610439
1261 0.07281269184290887
1262 0.07231645842090682
1263 0.0718532567258035
1264 0.07142471316171288
1265 0.07103231464214321
1266 0.07067739457230619
1267 0.07036113031284784
1268 0.07008455265595415
1269 0.06984852057153386
1270 0.06965370821260179
1271 0.06950071634739725
1272 0.06938984592955141
1273 0.0693212869608606
1274 0.06929506475505687
1275 0.06931104194430217
1276 0.0693689121943412
1277 0.06946817303976976
1278 0.06960828792947182
1279 0.06978841103593365
1280 0.07000760625026219
1281 0.07026479822293795
1282 0.07055872647107089
1283 0.07088812297770361
1284 0.07125143267441013
1285 0.07164703330831956
1286 0.07207319792030646
1287 0.07252808715419144
1288 0.07300975666858564
1289 0.07351616749926758
1290 0.07404518684511463
1291 0.0745946165912864
1292 0.07516219363297828
1293 0.07574559328923662
1294 0.07634244263044926
1295 0.07695033715755539
1296 0.07756682294439829
1297 0.07818944379835298
1298 0.078815739088269
1299 0.07944322226282562
1300 0.08006941976179577
1301 0.0806918997442643
1302 0.08130826091983238
1303 0.081916127750974
1304 0.08251315751479325
1305 0.08309706890418808
1306 0.08366565487715058
1307 0.08421678369024921
1308 0.08474839734496301
1309 0.08525852609682452
1310 0.08574530010578126
1311 0.08620696024714188
1312 0.08664185442772884
1313 0.08704844092468772
1314 0.08742529693475967
1315 0.08777112699435183
1316 0.08808476143807198
1317 0.08836516376219429
1318 0.08861143431485985
1319 0.08882280920171046
1320 0.08899866565385681
1321 0.08913850912475664
1322 0.08924191242504965
1323 0.08930884878976536
1324 0.08933926240611639
1325 0.08933321905999818
1326 0.08929093978229875
1327 0.08921279293471637
1328 0.08909929301759427
1329 0.08895108455185954
1330 0.0887689814668552
1331 0.08855379618517301
1332 0.08830661863021927
1333 0.0880286377384371
1334 0.08772101223419985
1335 0.08738516820107743
1336 0.08702257960075889
1337 0.08663480004144433
1338 0.08622346889671953
1339 0.08579033252810417
1340 0.08533721644499963
1341 0.08486599766251157
1342 0.08437860448031698
1343 0.08387702525373876
1344 0.08336329518510885
1345 0.08283948685030555
1346 0.08230769647618637
1347 0.08177007344259514
1348 0.08122866612288496
1349 0.08068565373214594
1350 0.08014316763984396
1351 0.07960331878172752
1352 0.07906818184306139
1353 0.07853981992387121
1354 0.07802019404430525
1355 0.07751131336536615
1356 0.07701519095187079
1357 0.0765336797850603
1358 0.07606855304868404
1359 0.07562151818881699
1360 0.07519421247527526
1361 0.07478819076172305
1362 0.07440491718539213
1363 0.07404574225399621
1364 0.07371193799760827
1365 0.07340468077614896
1366 0.07312499474980261
1367 0.07287389969340977
1368 0.07265215713249729
1369 0.07246046456030682
1370 0.07229940140952135
1371 0.07216943122455767
1372 0.07207088450868544
1373 0.07200396656776614
1374 0.07196875757585207
1375 0.0719652102037887
1376 0.07199315568815746
1377 0.07205226989441876
1378 0.07214222909717283
1379 0.07226244004941855
1380 0.0724122527297955
1381 0.0725909172766582
1382 0.07279757107461383
1383 0.07303121090895834
1384 0.07329085763657883
1385 0.07357528353421278
1386 0.07388322767360958
1387 0.07421336047846137
1388 0.07456427073111765
1389 0.07493447386922349
1390 0.07532242457412282
1391 0.07572649700931021
1392 0.07614501899241895
1393 0.0765762702925708
1394 0.07701849004207126
1395 0.07746988673969447
1396 0.07792863869869503
1397 0.0783928977220746
1398 0.07886080865595342
1399 0.07933054272060729
1400 0.07980027472252256
1401 0.08026816674018192
1402 0.08073238997027114
1403 0.08119114117390237
1404 0.08164265803418759
1405 0.08208521965877216
1406 0.0825171460604507
1407 0.08293681361464376
1408 0.08334265174612814
1409 0.08373315530074311
1410 0.0841068903247519
1411 0.08446248997839295
1412 0.08479866804347137
1413 0.08511423252457113
1414 0.08540807434972435
1415 0.08567917684768767
1416 0.08592661121188581
1417 0.08614955072310924
1418 0.08634726645207359
1419 0.08651913401080291
1420 0.08666463279089656
1421 0.08678335043339895
1422 0.08687497632185406
1423 0.08693931240759409
1424 0.08697626445677017
1425 0.08698580707861797
1426 0.08696807784691042
1427 0.08692336529239406
1428 0.08685199006957899
1429 0.08675436823819271
1430 0.086631062148149
1431 0.08648260374406148
1432 0.08630977603363126
1433 0.08611339544680401
1434 0.08589439267908659
1435 0.08565365345370243
1436 0.08539228957652996
1437 0.08511144341710204
1438 0.0848123285413134
1439 0.08449621135806303
1440 0.08416441787824359
1441 0.08381832771582369
1442 0.08345937118431893
1443 0.08308902113278477
1444 0.0827087859963634
1445 0.08232020411728419
1446 0.08192483752491074
1447 0.08152426670881585
1448 0.08112008426181436
1449 0.08071388543326423
1450 0.08030726714904049
1451 0.0799018107132239
1452 0.07949901112496063
1453 0.07910053946127825
1454 0.07870793886331885
1455 0.07832269338581847
1456 0.0779462516020063
1457 0.07758002562287379
1458 0.07722538679835408
1459 0.07688365508172394
1460 0.07655609381305221
1461 0.0762439045897155
1462 0.07594822196008526
1463 0.07567011103067675
1464 0.07541056165199157
1465 0.07517048397929128
1466 0.07495070246044803
1467 0.07475195985108612
1468 0.07457492172238829
1469 0.07442016621069994
1470 0.07428817596083528
1471 0.07417933710754922
1472 0.07409394363410085
1473 0.07403219483471044
1474 0.07399419801193173
1475 0.07397997156422864
1476 0.07398940310910343
1477 0.07402241381102874
1478 0.07407868093016974
1479 0.07415784816436234
1480 0.07425948327852042
1481 0.07438306737078744
1482 0.07452799515926717
1483 0.07469357917407481
1484 0.07487901988644194
1485 0.07508357328300627
1486 0.07530627189242894
1487 0.07554613715802665
1488 0.07580214156862164
1489 0.07607320029977226
1490 0.07635817159324669
1491 0.07665586418795044
1492 0.07696504438931551
1493 0.07728443793281915
1494 0.07761274019684014
1495 0.07794861227774719
1496 0.07829070090634258
1497 0.07863764176295794
1498 0.07898805531163161
1499 0.07934055071259928
1500 0.07969373147179815
1501 0.0800462107277755
1502 0.08039662247104992
1503 0.08074361737659157
1504 0.08108585847859
1505 0.08142203306388951
1506 0.08175085840154989
1507 0.08207109282348928
1508 0.08238153595120122
1509 0.08268103061062779
1510 0.08296847193336507
1511 0.08324280555754235
1512 0.08350303473044964
1513 0.08374822362224679
1514 0.08397749895119704
1515 0.08419006098732446
1516 0.08438517929528254
1517 0.08456219444144258
1518 0.08472051905969774
1519 0.08485964229312565
1520 0.08497913119927097
1521 0.08507863135157141
1522 0.08515786980592638
1523 0.0852166558489125
1524 0.08525487741769906
1525 0.08527250467840349
1526 0.08526958770165301
1527 0.08524625504392541
1528 0.08520271518629581
1529 0.08513925310757627
1530 0.08505626508247617
1531 0.08495406489595321
1532 0.08483324999377612
1533 0.08469441925858856
1534 0.08453819284855059
1535 0.08436527063485538
1536 0.08417646333522645
1537 0.08397250389233402
1538 0.08375433233483863
1539 0.08352288113824771
1540 0.08327911890863927
1541 0.08302406134719656
1542 0.08275876469989484
1543 0.08248432187624419
1544 0.08220185525496798
1545 0.08191251112659423
1546 0.08161745587730236
1547 0.08131787128303997
1548 0.08101491840240957
1549 0.08070981768532488
1550 0.08040379768342922
1551 0.08009805493833676
1552 0.0797937732721077
1553 0.07949212915975569
1554 0.07919428322579299
1555 0.07890137530916017
1556 0.07861452125571504
1557 0.07833480689000943
1558 0.07806328187110402
1559 0.07780096280921807
1560 0.07754882372298562
1561 0.07730779302666921
1562 0.07707875004463946
1563 0.07686252351894055
1564 0.07665988552806177
1565 0.07647155211534404
1566 0.07629817869028582
1567 0.07614035852259947
1568 0.07599861937008455
1569 0.07587342571257602
1570 0.07576517380676792
1571 0.07567418449351081
1572 0.0756007176376402
1573 0.0755449668209804
1574 0.07550705214418335
1575 0.07548698518428154
1576 0.07548483351995809
1577 0.07550044098808124
1578 0.07553364056142847
1579 0.07558420868570008
1580 0.07565185373690327
1581 0.07573621570507118
1582 0.07583687125911542
1583 0.07595333431907141
1584 0.07608505980849851
1585 0.07623141063825783
1586 0.07639182490851783
1587 0.07656553425798231
1588 0.07675178026445736
1589 0.07694977120299808
1590 0.07715867041606821
1591 0.07737759620278295
1592 0.07760563770354978
1593 0.07784185633751829
1594 0.07808528369760181
1595 0.07833492817582254
1596 0.07858977689848891
1597 0.07884880416530132
1598 0.07911097257062227
1599 0.0793752388375837
1600 0.07964055749895149
1601 0.07990588558139079
1602 0.08017018538754635
1603 0.0804324294928634
1604 0.08069160050145829
1605 0.080946701808133
1606 0.08119676592009373
1607 0.08144084738420204
1608 0.0816780249733761
1609 0.08190740859707078
1610 0.08212814423462791
1611 0.08233941786698101
1612 0.08254045795005299
1613 0.08273053599872134
1614 0.08290897157458023
1615 0.083075134596371
1616 0.08322844312723043
1617 0.08336837020207001
1618 0.0834944475189435
1619 0.08360626386952326
1620 0.08370346501000586
1621 0.08378575483984037
1622 0.08385289781650877
1623 0.08390471721207081
1624 0.08394109787638625
1625 0.08396198622553148
1626 0.08396738857598965
1627 0.0839573718906562
1628 0.08393206313470492
1629 0.08389168371251721
1630 0.08383638302197979
1631 0.08376651750239222
1632 0.08368244850421515
1633 0.08358458321858937
1634 0.08347337708219173
1635 0.08334933575665696
1636 0.08321301431669467
1637 0.08306501219951319
1638 0.08290600910590817
1639 0.08273659501643331
1640 0.08255755080997373
1641 0.08236963304540013
1642 0.08217361787546866
1643 0.08197031092377716
1644 0.08176054464174518
1645 0.0815451729133102
1646 0.08132506823913438
1647 0.08110111395701299
1648 0.08087420248739675
1649 0.08064523787051596
1650 0.08041512608923472
1651 0.08018477317358595
1652 0.07995507956021254
1653 0.07972693720766634
1654 0.07950122949036592
1655 0.07927882381721353
1656 0.07906057015263208
1657 0.0788472977549366
1658 0.07863981238216317
1659 0.0784388926484437
1660 0.07824528784854609
1661 0.07805971377310258
1662 0.07788285149343631
1663 0.07771534275615224
1664 0.07755778981534589
1665 0.07741075345830838
1666 0.07727474934957451
1667 0.07715024707577019
1668 0.07703766952404022
1669 0.07693739008474632
1670 0.07684973179696929
1671 0.07677496681529455
1672 0.07671331449291126
1673 0.07666494269427196
1674 0.07662993041190932
1675 0.07660843169447065
1676 0.07660039277334391
1677 0.07660576461014024
1678 0.0766244571618266
1679 0.07665632712661677
1680 0.07670117719490717
1681 0.07675875896163882
1682 0.07682877565509587
1683 0.07691088419253685
1684 0.07700469636208684
1685 0.07710977968413132
1686 0.07722566028263848
1687 0.07735178886587686
1688 0.07748770822042519
1689 0.07763277028790525
1690 0.07778635232612589
1691 0.07794781315153899
1692 0.07811648231227467
1693 0.07829166123614975
1694 0.0784726295903841
1695 0.0786586472180998
1696 0.0788489592997256
1697 0.07904279689331903
1698 0.07923938283900384
1699 0.07943793374770997
1700 0.07963766249993182
1701 0.07983778190118584
1702 0.08003750838157096
1703 0.08023606318683743
1704 0.08043267705010074
1705 0.08062659254088268
1706 0.08081706651382052
1707 0.08100337512708392
1708 0.08118481408075479
1709 0.08136070169187817
1710 0.08153038201914441
1711 0.0816932270252836
1712 0.08184863834568164
1713 0.08199605305126609
1714 0.08213494210014838
1715 0.08226481137737648
1716 0.08238520296472131
1717 0.08249569967886365
1718 0.08259592600098402
1719 0.08268554937209076
1720 0.08276427921649608
1721 0.08283186895944351
1722 0.08288811912174809
1723 0.0829328762196498
1724 0.08296602973306469
1725 0.08298751660700467
1726 0.0829973223017817
1727 0.08299547592886462
1728 0.08298208695949678
1729 0.08295717997651468
1730 0.08292097903704373
1731 0.0828736941919055
1732 0.08281556685643968
1733 0.08274688152240169
1734 0.08266796507382823
1735 0.08257918365658536
1736 0.08248093984663118
1737 0.0823736703136404
1738 0.08225784481662646
1739 0.08213396279099421
1740 0.08200255316168273
1741 0.08186420723802969
1742 0.08171941137032433
1743 0.08156882841902664
1744 0.08141308183333903
1745 0.08125280094509037
1746 0.08108863369331294
1747 0.08092124251082448
1748 0.08075130019468105
1749 0.08057948499176436
1750 0.08040647804267927
1751 0.08023296136937177
1752 0.08005961536925564
1753 0.0798871161669579
1754 0.07971613302562619
1755 0.0795473259408265
1756 0.07938134316006776
1757 0.07921881730399857
1758 0.07906036431449615
1759 0.07890658083710231
1760 0.07875804242619618
1761 0.07861530122772893
1762 0.07847888298652433
1763 0.07834928538697812
1764 0.07822697697612688
1765 0.07811239546843862
1766 0.07800594549675573
1767 0.07790799771346679
1768 0.07781888742671192
1769 0.07773891378606861
1770 0.0776683382305937
1771 0.07760738381246039
1772 0.0775561990855981
1773 0.07751502162634907
1774 0.07748389443031058
1775 0.07746287784097736
1776 0.07745200348755116
1777 0.07745126089858689
1778 0.07746059756302019
1779 0.07747991986136851
1780 0.07750909576708644
1781 0.07754795552552206
1782 0.0775962925806771
1783 0.07765386486323124
1784 0.07772039559354124
1785 0.07779557503842981
1786 0.07787906043028098
1787 0.0779704785425844
1788 0.07806942737391362
1789 0.07817544178848139
1790 0.0782881602217695
1791 0.07840704204835566
1792 0.07853158372663185
1793 0.07866127293702593
1794 0.07879557755121343
1795 0.07893394758650304
1796 0.07907581878413794
1797 0.07922061619899207
1798 0.07936775682512072
1799 0.07951665210571432
1800 0.07966671003777299
1801 0.07981733720596342
1802 0.0799679413943825
1803 0.0801179336300782
1804 0.08026673126994785
1805 0.08041375879500451
1806 0.08055845075919187
1807 0.08070025514828252
1808 0.08083863368346318
1809 0.08097306487610595
1810 0.08110304488111374
1811 0.08122809108619605
1812 0.08134774243077654
1813 0.08146156162965719
1814 0.08156913652163822
1815 0.08167008244569608
1816 0.08176404189065052
1817 0.08185068715387477
1818 0.08192972084814983
1819 0.08200087695831283
1820 0.0820639222748033
1821 0.0821186557002489
1822 0.08216491012936175
1823 0.08220255254020287
1824 0.08223148438033254
1825 0.08225164184721266
1826 0.08226299601565688
1827 0.08226558997372099
1828 0.08225936961022118
1829 0.0822444706032501
1830 0.08222100518378109
1831 0.08218910777600393
1832 0.08214894687697033
1833 0.08210072515535179
1834 0.08204467679924164
1835 0.08198106526318177
1836 0.08191018198524443
1837 0.08183234342159276
1838 0.08174789286057381
1839 0.0816571974046446
1840 0.08156064598885905
1841 0.08145864849466065
1842 0.08135163345428402
1843 0.08124004652966466
1844 0.08112434870989028
1845 0.08100505072631466
1846 0.08088254613486666
1847 0.08075739284229927
1848 0.08063009885060775
1849 0.08050116706375998
1850 0.08037110614616765
1851 0.08024042914579546
1852 0.08010965010741079
1853 0.07997928088068354
1854 0.07984982873307891
1855 0.07972179439377013
1856 0.07959566999050799
1857 0.07947193751181263
1858 0.07935106763493509
1859 0.07923351719506277
1860 0.07911972665770305
1861 0.07901011943863412
1862 0.07890510138992254
1863 0.07880505707380152
1864 0.07871034953788085
1865 0.0786213194303845
1866 0.07853828278238631
1867 0.07846153037957368
1868 0.07839132688289865
1869 0.07832787392746013
1870 0.07827147364720544
1871 0.07822224544653959
1872 0.07818033645462336
1873 0.07814587537997386
1874 0.07811895903198138
1875 0.07809965119902776
1876 0.07808798427768184
1877 0.07808396074227239
1878 0.07808755287506802
1879 0.07809870361166736
1880 0.07811732677787163
1881 0.07814330744733791
1882 0.07817650255172186
1883 0.07821674161756129
1884 0.07826382767773887
1885 0.07831753811511392
1886 0.07837762560223389
1887 0.07844381972456015
1888 0.07851582701233115
1889 0.078593332889439
1890 0.0786760034998976
1891 0.07876348648723817
1892 0.0788553765336224
1893 0.07895138239545109
1894 0.07905104322334397
1895 0.0791539438791055
1896 0.07925966992544038
1897 0.07936779609292924
1898 0.07947788738356086
1899 0.07958950181422328
1900 0.07970219384726621
1901 0.07981551643706769
1902 0.07992902285471122
1903 0.0800422683180005
1904 0.08015481146802121
1905 0.08026621623489744
1906 0.08037605315618222
1907 0.08048390276731894
1908 0.08058935422511247
1909 0.08069200888731042
1910 0.0807914810620867
1911 0.08088740026538745
1912 0.08097941175433579
1913 0.08106717804027379
1914 0.08115038048538631
1915 0.0812287194970535
1916 0.08130191643066623
1917 0.08136971424192191
1918 0.08143187864219696
1919 0.08148819860807115
1920 0.08153848717739523
1921 0.08158258229279901
1922 0.08162034656520564
1923 0.08165166835544395
1924 0.0816764617453808
1925 0.08169470366755816
1926 0.08170626745169704
1927 0.08171120769634101
1928 0.08170954703599942
1929 0.08170132307671983
1930 0.08168660109038825
1931 0.08166547474091607
1932 0.08163806285454775
1933 0.08160450866966799
1934 0.08156497830028485
1935 0.08151966001545957
1936 0.08146876353772968
1937 0.08141251903671425
1938 0.08135117665637634
1939 0.08128500492038959
1940 0.08121428963459802
1941 0.08113933276709787
1942 0.08106045115726038
1943 0.08097797520065453
1944 0.08089224748380276
1945 0.08080362137023664
1946 0.08071245957407942
1947 0.08061913264227889
1948 0.08052401748738044
1949 0.08042749584977865
1950 0.08032995284322553
1951 0.08023177543993856
1952 0.0801333508525431
1953 0.08003506514749985
1954 0.07993730163796542
1955 0.07984043953328397
1956 0.07974488859400368
1957 0.07965092283701582
1958 0.07955896259110079
1959 0.07946936066972481
1960 0.07938244789964591
1961 0.07929854467982081
1962 0.07921792447852809
1963 0.07914097751619574
1964 0.07906792233750752
1965 0.07899901819376649
1966 0.07893451717898388
1967 0.07887465081181895
1968 0.07881962804988442
1969 0.07876963646068723
1970 0.07872484273647497
1971 0.07868539253771363
1972 0.07865141021909443
1973 0.07862299801050708
1974 0.07860023561207517
1975 0.07858318024236502
1976 0.07857186641698137
1977 0.07856630604172779
1978 0.07856648847676559
1979 0.07857238064695703
1980 0.07858392732980247
1981 0.07860105153706096
1982 0.07862365507201578
1983 0.07865161863208339
1984 0.07868480259090357
1985 0.07872304778443114
1986 0.0787661759968547
1987 0.07881399141185019
1988 0.07886628058207003
1989 0.07892281407507629
1990 0.07898334702498698
1991 0.07904762012700586
1992 0.07911536084113201
1993 0.0791862847686734
1994 0.07926009681749832
1995 0.07933649213455816
1996 0.07941512119365
1997 0.07949575664999799
1998 0.07957800968703913
1999 0.07966154484330394
2000 0.07974603437592394
2001 0.07985949149706806
2002 0.07997339232650784
2003 0.08008688722547548
2004 0.08019917902647805
2005 0.08030950593192569
2006 0.08041712686223522
2007 0.08052131722344436
2008 0.08062137515565161
2009 0.08071663228089451
2010 0.08080646039652413
2011 0.08089027519912577
2012 0.08096753951488382
2013 0.08103776401341831
2014 0.08110050866370018
2015 0.08115538459620168
2016 0.08120205614609538
2017 0.0812402935427091
2018 0.0812697275489527
2019 0.08129034491618234
2020 0.08130201179959864
2021 0.08130467269298963
2022 0.08129835746374504
2023 0.0812831606544796
2024 0.08125923457079483
2025 0.08122679002661995
2026 0.08118609668038476
2027 0.0811374810172296
2028 0.08108132327361342
2029 0.08101805436259246
2030 0.08094815161660836
2031 0.08087213645761612
2032 0.08079056967898998
2033 0.0807040474435433
2034 0.08061319688377752
2035 0.08051867151878007
2036 0.08042114648727137
2037 0.0803213136902946
2038 0.0802198771080227
2039 0.0801175470090839
2040 0.08001503586577727
2041 0.07991305301504852
2042 0.07981230007219862
2043 0.07971346602008728
2044 0.07961721439712838
2045 0.0795240723779978
2046 0.07943491357071703
2047 0.07935024089171605
2048 0.07927058431025469
2049 0.07919646000997867
2050 0.07912834790291406
2051 0.07906668338069812
2052 0.07901185414354096
2053 0.07896419814491337
2054 0.07892400185831047
2055 0.07889149898696628
2056 0.07886686905583797
2057 0.07885023585407028
2058 0.07884166691598847
2059 0.07884117299007061
2060 0.07884870879579153
